[2017-10-11 17:23:11,254](INFO)report : 开始
[2017-10-23 10:47:48,288](INFO)report : 开始
[2017-10-23 10:49:51,695](INFO)report : 开始
[2017-10-23 11:18:14,963](INFO)report : 开始
[2017-10-23 11:24:06,649](INFO)report : 开始
[2017-10-23 11:32:35,548](INFO)report : 开始
[2017-10-23 05:43:24,182](INFO)report : 开始
[2017-10-23 14:11:49,660](INFO)report : 开始
[2017-10-23 06:29:20,848](INFO)report : 开始
[2017-10-23 06:35:44,465](INFO)report : 开始
[2017-10-23 06:37:21,900](INFO)report : 生成excel文件，开始
[2017-10-23 06:37:42,485](INFO)report : 开始
[2017-10-23 06:39:15,194](INFO)report : 生成excel文件，开始
[2017-10-23 06:39:15,195](INFO)report : 删除报表数据目录,完成
[2017-10-23 06:39:15,195](ERROR)report : 异常,标题字段不存在,字段名称:'VELOCITY_CSN_NO'
[2017-10-23 06:39:15,196](ERROR)report : 异常,标题字段不存在,字段名称:COUNT(1)
[2017-10-23 06:39:15,221](INFO)report : 删除报表数据目录,完成
[2017-10-23 06:39:15,221](ERROR)report : 异常,标题字段不存在,字段名称:'VELOCITY_CSN_NO'
[2017-10-23 06:39:15,221](ERROR)report : 异常,标题字段不存在,字段名称:COUNT(1)
[2017-10-23 06:39:15,230](INFO)report : 生成execl文件,结束
[2017-10-23 06:39:15,230](INFO)report : 打包并发送数据,开始
[2017-10-23 06:39:15,231](INFO)report : 临时目录不存在创建临时目录:/opt/monitor/zipDir
[2017-10-23 06:39:15,231](INFO)report : 创建压缩文件:/opt/monitor/zipDir/report_20171023.zip
[2017-10-23 06:39:15,240](INFO)report : 压缩结束
[2017-10-23 06:41:22,574](INFO)report : 打包并发送数据,结束
[2017-10-23 06:57:00,917](INFO)report : 开始
[2017-10-23 06:58:35,385](INFO)report : 生成excel文件，开始
[2017-10-23 06:58:35,386](INFO)report : 删除报表数据目录,完成
[2017-10-23 06:58:35,386](ERROR)report : 异常,标题字段不存在,字段名称:'VELOCITY_CSN_NO'
[2017-10-23 06:58:35,387](ERROR)report : 异常,标题字段不存在,字段名称:COUNT(1)
[2017-10-23 06:58:35,399](INFO)report : 删除报表数据目录,完成
[2017-10-23 06:58:35,399](ERROR)report : 异常,标题字段不存在,字段名称:'VELOCITY_CSN_NO'
[2017-10-23 06:58:35,399](ERROR)report : 异常,标题字段不存在,字段名称:COUNT(1)
[2017-10-23 06:58:35,407](INFO)report : 生成execl文件,结束
[2017-10-23 06:58:35,408](INFO)report : 打包并发送数据,开始
[2017-10-23 06:58:35,408](INFO)report : 存在相同压缩文件名，删除历史数据:/opt/monitor/zipDir/report_20171023.zip
[2017-10-23 06:58:35,408](INFO)report : 创建压缩文件:/opt/monitor/zipDir/report_20171023.zip
[2017-10-23 06:58:35,419](INFO)report : 压缩结束
[2017-10-23 07:00:42,638](INFO)report : 打包并发送数据,结束
[2017-10-23 07:06:22,695](INFO)report : 开始
[2017-10-23 07:06:22,696](INFO)report : 生成excel文件，开始
[2017-10-23 07:06:22,696](INFO)report : 生成execl文件,结束
[2017-10-23 07:06:22,696](INFO)report : 打包并发送数据,开始
[2017-10-23 07:06:22,697](INFO)report : 存在相同压缩文件名，删除历史数据:/opt/monitor/zipDir/report_20171023.zip
[2017-10-23 07:06:22,697](INFO)report : 创建压缩文件:/opt/monitor/zipDir/report_20171023.zip
[2017-10-23 07:06:22,703](INFO)report : 压缩结束
[2017-10-23 07:08:29,966](INFO)report : 打包并发送数据,结束
[2017-10-23 07:09:45,890](INFO)report : 开始
[2017-10-23 07:09:45,890](INFO)report : 生成excel文件，开始
[2017-10-23 07:09:45,890](INFO)report : 生成execl文件,结束
[2017-10-23 07:09:45,891](INFO)report : 打包并发送数据,开始
[2017-10-23 07:09:45,891](INFO)report : 存在相同压缩文件名，删除历史数据:/opt/monitor/zipDir/report_20171023.zip
[2017-10-23 07:09:45,891](INFO)report : 创建压缩文件:/opt/monitor/zipDir/report_20171023.zip
[2017-10-23 07:09:45,900](INFO)report : 压缩结束
[2017-10-23 07:09:45,901](INFO)report : send mail starting....
[2017-10-23 07:11:53,230](INFO)report : send mail end.
[2017-10-23 07:11:53,231](INFO)report : 打包并发送数据,结束
[2017-10-23 07:13:00,949](INFO)report : 开始
[2017-10-23 07:13:00,949](INFO)report : 生成excel文件，开始
[2017-10-23 07:13:00,949](INFO)report : 生成execl文件,结束
[2017-10-23 07:13:00,949](INFO)report : 打包并发送数据,开始
[2017-10-23 07:13:00,950](INFO)report : 存在相同压缩文件名，删除历史数据:/opt/monitor/zipDir/report_20171023.zip
[2017-10-23 07:13:00,950](INFO)report : 创建压缩文件:/opt/monitor/zipDir/report_20171023.zip
[2017-10-23 07:13:00,959](INFO)report : 压缩结束
[2017-10-23 07:13:00,960](INFO)report : send mail starting....
[2017-10-23 07:15:08,174](INFO)report : send mail end.
[2017-10-23 07:15:08,175](INFO)report : 打包并发送数据,结束
[2017-10-23 07:16:41,938](INFO)report : 开始
[2017-10-23 07:16:41,938](INFO)report : 生成excel文件，开始
[2017-10-23 07:16:41,939](INFO)report : 生成execl文件,结束
[2017-10-23 07:16:41,939](INFO)report : 打包并发送数据,开始
[2017-10-23 07:16:41,939](INFO)report : 存在相同压缩文件名，删除历史数据:/opt/monitor/zipDir/report_20171023.zip
[2017-10-23 07:16:41,940](INFO)report : 创建压缩文件:/opt/monitor/zipDir/report_20171023.zip
[2017-10-23 07:16:41,949](INFO)report : 压缩结束
[2017-10-23 07:16:41,950](INFO)report : send mail starting....
[2017-10-23 07:18:49,230](INFO)report : send mail end.
[2017-10-23 07:18:49,230](INFO)report : 打包并发送数据,结束
[2017-10-23 17:13:39,746](INFO)report : 开始
[2017-10-23 17:13:39,746](INFO)report : 生成excel文件，开始
[2017-10-23 17:13:39,746](INFO)report : 生成execl文件,结束
[2017-10-23 17:13:39,747](INFO)report : 打包并发送数据,开始
[2017-10-23 17:13:39,747](INFO)report : 存在相同压缩文件名，删除历史数据:/opt/monitor/zipDir/report_20171023.zip
[2017-10-23 17:13:39,747](INFO)report : 创建压缩文件:/opt/monitor/zipDir/report_20171023.zip
[2017-10-23 17:13:39,757](INFO)report : 压缩结束
[2017-10-23 17:13:39,758](INFO)report : send mail starting....
[2017-10-23 17:15:46,958](INFO)report : send mail end.
[2017-10-23 17:15:46,958](INFO)report : 打包并发送数据,结束
[2017-10-23 17:17:09,342](INFO)report : 开始
[2017-10-23 17:17:09,342](INFO)report : 生成excel文件，开始
[2017-10-23 17:17:09,342](INFO)report : 生成execl文件,结束
[2017-10-23 17:17:09,342](INFO)report : 打包并发送数据,开始
[2017-10-23 17:17:09,343](INFO)report : 存在相同压缩文件名，删除历史数据:/opt/monitor/zipDir/report_20171023.zip
[2017-10-23 17:17:09,343](INFO)report : 创建压缩文件:/opt/monitor/zipDir/report_20171023.zip
[2017-10-23 17:17:09,351](INFO)report : 压缩结束
[2017-10-23 17:17:09,351](INFO)report : send mail starting....
[2017-10-23 17:19:16,622](INFO)report : send mail end.
[2017-10-23 17:19:16,623](INFO)report : 打包并发送数据,结束
[2017-10-23 17:40:58,111](INFO)report : 开始
[2017-10-23 17:40:58,111](INFO)report : 生成excel文件，开始
[2017-10-23 17:40:58,111](INFO)report : 生成execl文件,结束
[2017-10-23 17:40:58,111](INFO)report : 打包并发送数据,开始
[2017-10-23 17:40:58,112](INFO)report : 存在相同压缩文件名，删除历史数据:/opt/monitor/zipDir/report_20171023.zip
[2017-10-23 17:40:58,112](INFO)report : 创建压缩文件:/opt/monitor/zipDir/report_20171023.zip
[2017-10-23 17:40:58,121](INFO)report : 压缩结束
[2017-10-23 17:40:58,123](INFO)report : send mail starting....
[2017-10-23 17:41:03,134](INFO)report : send mail end.
[2017-10-23 17:41:03,134](INFO)report : 打包并发送数据,结束
[2017-10-23 17:44:45,011](INFO)report : 开始
[2017-10-23 17:44:45,011](INFO)report : 生成excel文件，开始
[2017-10-23 17:44:45,011](INFO)report : 生成execl文件,结束
[2017-10-23 17:44:45,012](INFO)report : 打包并发送数据,开始
[2017-10-23 17:44:45,012](INFO)report : 存在相同压缩文件名，删除历史数据:/opt/monitor/zipDir/report_20171023.zip
[2017-10-23 17:44:45,012](INFO)report : 创建压缩文件:/opt/monitor/zipDir/report_20171023.zip
[2017-10-23 17:44:45,023](INFO)report : 压缩结束
[2017-10-23 17:44:45,023](INFO)report : send mail starting....
[2017-10-23 17:44:45,028](INFO)report : send mail end.
[2017-10-23 17:44:45,028](INFO)report : 打包并发送数据,结束
[2017-10-23 17:46:05,489](INFO)report : 开始
[2017-10-23 17:46:05,489](INFO)report : 生成excel文件，开始
[2017-10-23 17:46:05,489](INFO)report : 生成execl文件,结束
[2017-10-23 17:46:05,489](INFO)report : 打包并发送数据,开始
[2017-10-23 17:46:05,490](INFO)report : 存在相同压缩文件名，删除历史数据:/opt/monitor/zipDir/report_20171023.zip
[2017-10-23 17:46:05,490](INFO)report : 创建压缩文件:/opt/monitor/zipDir/report_20171023.zip
[2017-10-23 17:46:05,500](INFO)report : 压缩结束
[2017-10-23 17:46:05,501](INFO)report : send mail starting....
[2017-10-23 17:46:05,506](INFO)report : send mail end.
[2017-10-23 17:46:05,506](INFO)report : 打包并发送数据,结束
[2017-10-24 10:43:12,339](INFO)report : 开始
[2017-10-24 10:43:12,339](INFO)report : 生成excel文件，开始
[2017-10-24 10:43:12,340](INFO)report : 生成execl文件,结束
[2017-10-24 10:43:12,340](INFO)report : 打包并发送数据,开始
[2017-10-24 10:43:12,340](INFO)report : 创建压缩文件:/opt/monitor/zipDir/report_20171024.zip
[2017-10-24 10:43:12,348](INFO)report : 压缩结束
[2017-10-24 10:43:12,349](INFO)report : send mail starting....
[2017-10-24 10:43:12,369](INFO)report : send mail end.
[2017-10-24 10:43:12,369](INFO)report : 打包并发送数据,结束
[2017-10-24 10:47:45,951](INFO)report : 开始
[2017-10-24 10:47:45,951](INFO)report : 生成excel文件，开始
[2017-10-24 10:47:45,951](INFO)report : 生成execl文件,结束
[2017-10-24 10:47:45,952](INFO)report : 打包并发送数据,开始
[2017-10-24 10:47:45,952](INFO)report : 存在相同压缩文件名，删除历史数据:/opt/monitor/zipDir/report_20171024.zip
[2017-10-24 10:47:45,952](INFO)report : 创建压缩文件:/opt/monitor/zipDir/report_20171024.zip
[2017-10-24 10:47:45,961](INFO)report : 压缩结束
[2017-10-24 10:47:45,961](INFO)report : send mail starting....
[2017-10-24 10:47:46,002](INFO)report : send mail end.
[2017-10-24 10:47:46,002](INFO)report : 打包并发送数据,结束
[2017-10-24 10:48:34,801](INFO)report : 开始
[2017-10-24 10:48:34,802](INFO)report : 生成excel文件，开始
[2017-10-24 10:48:34,802](INFO)report : 生成execl文件,结束
[2017-10-24 10:48:34,802](INFO)report : 打包并发送数据,开始
[2017-10-24 10:48:34,802](INFO)report : 存在相同压缩文件名，删除历史数据:/opt/monitor/zipDir/report_20171024.zip
[2017-10-24 10:48:34,803](INFO)report : 创建压缩文件:/opt/monitor/zipDir/report_20171024.zip
[2017-10-24 10:48:34,811](INFO)report : 压缩结束
[2017-10-24 10:48:34,811](INFO)report : send mail starting....
[2017-10-24 10:48:34,828](INFO)report : send mail end.
[2017-10-24 10:48:34,828](INFO)report : 打包并发送数据,结束
[2017-10-24 10:51:55,619](INFO)report : 开始
[2017-10-24 10:51:55,619](INFO)report : 生成excel文件，开始
[2017-10-24 10:51:55,619](INFO)report : 生成execl文件,结束
[2017-10-24 10:51:55,619](INFO)report : 打包并发送数据,开始
[2017-10-24 10:51:55,620](INFO)report : 存在相同压缩文件名，删除历史数据:/opt/monitor/zipDir/report_20171024.zip
[2017-10-24 10:51:55,620](INFO)report : 创建压缩文件:/opt/monitor/zipDir/report_20171024.zip
[2017-10-24 10:51:55,630](INFO)report : 压缩结束
[2017-10-24 10:51:55,631](INFO)report : send mail starting....
[2017-10-24 10:51:55,685](INFO)report : send mail end.
[2017-10-24 10:51:55,685](INFO)report : 打包并发送数据,结束
[2017-10-24 10:52:23,117](INFO)report : 开始
[2017-10-24 10:52:23,118](INFO)report : 生成excel文件，开始
[2017-10-24 10:52:23,118](INFO)report : 生成execl文件,结束
[2017-10-24 10:52:23,118](INFO)report : 打包并发送数据,开始
[2017-10-24 10:52:23,118](INFO)report : 存在相同压缩文件名，删除历史数据:/opt/monitor/zipDir/report_20171024.zip
[2017-10-24 10:52:23,119](INFO)report : 创建压缩文件:/opt/monitor/zipDir/report_20171024.zip
[2017-10-24 10:52:23,128](INFO)report : 压缩结束
[2017-10-24 10:52:23,129](INFO)report : send mail starting....
[2017-10-24 10:52:23,147](INFO)report : send mail end.
[2017-10-24 10:52:23,147](INFO)report : 打包并发送数据,结束
[2017-10-24 10:53:08,262](INFO)report : 开始
[2017-10-24 10:53:08,263](INFO)report : 生成excel文件，开始
[2017-10-24 10:53:08,263](INFO)report : 生成execl文件,结束
[2017-10-24 10:53:08,263](INFO)report : 打包并发送数据,开始
[2017-10-24 10:53:08,263](INFO)report : 存在相同压缩文件名，删除历史数据:/opt/monitor/zipDir/report_20171024.zip
[2017-10-24 10:53:08,263](INFO)report : 创建压缩文件:/opt/monitor/zipDir/report_20171024.zip
[2017-10-24 10:53:08,271](INFO)report : 压缩结束
[2017-10-24 10:53:08,271](INFO)report : send mail starting....
[2017-10-24 10:53:08,288](INFO)report : send mail end.
[2017-10-24 10:53:08,288](INFO)report : 打包并发送数据,结束
[2017-10-24 10:53:33,915](INFO)report : 开始
[2017-10-24 10:53:33,916](INFO)report : 生成excel文件，开始
[2017-10-24 10:53:33,916](INFO)report : 生成execl文件,结束
[2017-10-24 10:53:33,916](INFO)report : 打包并发送数据,开始
[2017-10-24 10:53:33,916](INFO)report : 存在相同压缩文件名，删除历史数据:/opt/monitor/zipDir/report_20171024.zip
[2017-10-24 10:53:33,917](INFO)report : 创建压缩文件:/opt/monitor/zipDir/report_20171024.zip
[2017-10-24 10:53:33,925](INFO)report : 压缩结束
[2017-10-24 10:53:33,926](INFO)report : send mail starting....
[2017-10-24 10:53:33,943](INFO)report : send mail end.
[2017-10-24 10:53:33,944](INFO)report : 打包并发送数据,结束
[2017-10-24 10:54:28,097](INFO)report : 开始
[2017-10-24 02:58:28,576](INFO)report : 开始
[2017-10-24 02:58:39,480](INFO)report : 开始
[2017-10-24 10:58:59,147](INFO)report : 开始
[2017-10-24 13:41:05,046](INFO)report : 开始
[2017-10-24 13:42:38,859](INFO)report : 开始
[2017-10-24 14:00:12,876](INFO)report : 开始
[2017-10-24 14:02:07,357](INFO)report : 开始
[2017-10-24 14:11:53,078](INFO)report : 开始
[2017-10-24 14:19:43,446](INFO)report : 开始
[2017-10-24 14:29:52,567](INFO)report : 生成excel文件，开始
[2017-10-24 14:29:52,568](INFO)report : 删除报表数据目录,完成
[2017-10-24 14:29:52,568](ERROR)report : 异常,标题字段不存在,字段名称:'VELOCITY_CSN_NO'
[2017-10-24 14:29:52,568](ERROR)report : 异常,标题字段不存在,字段名称:COUNT(1)
[2017-10-24 14:29:52,580](INFO)report : 删除报表数据目录,完成
[2017-10-24 14:29:52,581](ERROR)report : 异常,标题字段不存在,字段名称:'VELOCITY_CSN_NO'
[2017-10-24 14:29:52,581](ERROR)report : 异常,标题字段不存在,字段名称:COUNT(1)
[2017-10-24 14:29:52,589](INFO)report : 生成execl文件,结束
[2017-10-24 14:29:52,589](INFO)report : 打包并发送数据,开始
[2017-10-24 14:29:52,589](INFO)report : 存在相同压缩文件名，删除历史数据:/opt/monitor/zipDir/report_20171024.zip
[2017-10-24 14:29:52,590](INFO)report : 创建压缩文件:/opt/monitor/zipDir/report_20171024.zip
[2017-10-24 14:29:52,599](INFO)report : 压缩结束
[2017-10-24 14:29:52,599](INFO)report : send mail starting....
[2017-10-24 14:29:52,639](INFO)report : send mail end.
[2017-10-24 14:29:52,639](INFO)report : 打包并发送数据,结束
[2017-10-24 14:39:57,683](INFO)report : 开始
[2017-10-24 14:41:33,818](INFO)report : 生成excel文件，开始
[2017-10-24 14:41:33,819](INFO)report : 删除报表数据目录,完成
[2017-10-24 14:41:33,820](ERROR)report : 异常,标题字段不存在,字段名称:'VELOCITY_CSN_NO'
[2017-10-24 14:41:33,820](ERROR)report : 异常,标题字段不存在,字段名称:COUNT(1)
[2017-10-24 14:41:33,835](INFO)report : 删除报表数据目录,完成
[2017-10-24 14:41:33,836](ERROR)report : 异常,标题字段不存在,字段名称:'VELOCITY_CSN_NO'
[2017-10-24 14:41:33,836](ERROR)report : 异常,标题字段不存在,字段名称:COUNT(1)
[2017-10-24 14:41:33,845](INFO)report : 生成execl文件,结束
[2017-10-24 14:41:33,845](INFO)report : 打包并发送数据,开始
[2017-10-24 14:41:33,846](INFO)report : 存在相同压缩文件名，删除历史数据:/opt/monitor/zipDir/report_20171024.zip
[2017-10-24 14:41:33,846](INFO)report : 创建压缩文件:/opt/monitor/zipDir/report_20171024.zip
[2017-10-24 14:41:33,854](INFO)report : 压缩结束
[2017-10-24 14:41:33,854](INFO)report : send mail starting....
[2017-10-24 14:41:33,894](INFO)report : send mail end.
[2017-10-24 14:41:33,895](INFO)report : 打包并发送数据,结束
[2017-10-24 15:08:53,388](INFO)report : 开始
[2017-10-24 15:10:22,361](INFO)report : 删除报表数据目录,完成
[2017-10-24 15:10:22,361](ERROR)report : 异常,标题字段不存在,字段名称:'VELOCITY_CSN_NO'
[2017-10-24 15:10:22,362](ERROR)report : 异常,标题字段不存在,字段名称:COUNT(1)
[2017-10-24 15:10:25,404](INFO)report : 删除报表数据目录,完成
[2017-10-24 15:10:25,405](ERROR)report : 异常,标题字段不存在,字段名称:'VELOCITY_CSN_NO'
[2017-10-24 15:10:25,405](ERROR)report : 异常,标题字段不存在,字段名称:COUNT(1)
[2017-10-24 15:16:05,936](INFO)report : 开始
[2017-10-24 15:17:34,968](INFO)report : 删除报表数据目录,完成
[2017-10-24 15:17:34,969](ERROR)report : 异常,标题字段不存在,字段名称:'VELOCITY_CSN_NO'
[2017-10-24 15:17:34,969](ERROR)report : 异常,标题字段不存在,字段名称:COUNT(1)
[2017-10-24 15:17:38,014](INFO)report : 删除报表数据目录,完成
[2017-10-24 15:17:38,014](ERROR)report : 异常,标题字段不存在,字段名称:'VELOCITY_CSN_NO'
[2017-10-24 15:17:38,014](ERROR)report : 异常,标题字段不存在,字段名称:COUNT(1)
[2017-10-24 15:17:38,052](INFO)report : 生成execl文件,结束
[2017-10-24 15:17:38,053](INFO)report : 打包并发送数据,开始
[2017-10-24 15:17:38,053](INFO)report : 存在相同压缩文件名，删除历史数据:/opt/monitor/zipDir/report_20171024.zip
[2017-10-24 15:17:38,053](INFO)report : 创建压缩文件:/opt/monitor/zipDir/report_20171024.zip
[2017-10-24 15:17:38,071](INFO)report : 压缩结束
[2017-10-24 15:17:38,072](INFO)report : send mail starting....
[2017-10-24 15:17:38,131](INFO)report : send mail end.
[2017-10-24 15:17:38,131](INFO)report : 打包并发送数据,结束
[2017-10-24 15:19:02,871](INFO)report : 开始
[2017-10-24 15:20:32,897](INFO)report : 删除报表数据目录,完成
[2017-10-24 15:20:32,897](ERROR)report : 异常,标题字段不存在,字段名称:'VELOCITY_CSN_NO'
[2017-10-24 15:20:32,898](ERROR)report : 异常,标题字段不存在,字段名称:COUNT(1)
[2017-10-24 15:20:32,940](INFO)report : 生成execl文件,结束
[2017-10-24 15:20:32,940](INFO)report : 打包并发送数据,开始
[2017-10-24 15:20:32,941](INFO)report : 存在相同压缩文件名，删除历史数据:/opt/monitor/zipDir/report_20171024.zip
[2017-10-24 15:20:32,941](INFO)report : 创建压缩文件:/opt/monitor/zipDir/report_20171024.zip
[2017-10-24 15:20:32,949](INFO)report : 压缩结束
[2017-10-24 15:20:32,949](INFO)report : send mail starting....
[2017-10-24 15:20:32,990](INFO)report : send mail end.
[2017-10-24 15:20:32,990](INFO)report : 打包并发送数据,结束
[2017-10-24 15:23:29,256](INFO)report : 开始
[2017-10-24 15:24:58,313](INFO)report : 删除报表数据目录,完成
[2017-10-24 15:24:58,314](ERROR)report : 异常,标题字段不存在,字段名称:'VELOCITY_CSN_NO'
[2017-10-24 15:24:58,314](ERROR)report : 异常,标题字段不存在,字段名称:COUNT(1)
[2017-10-24 15:25:01,314](INFO)report : 删除报表数据目录,完成
[2017-10-24 15:25:01,315](ERROR)report : 异常,标题字段不存在,字段名称:'VELOCITY_CSN_NO'
[2017-10-24 15:25:01,315](ERROR)report : 异常,标题字段不存在,字段名称:COUNT(1)
[2017-10-24 15:25:01,347](INFO)report : 生成execl文件,结束
[2017-10-24 15:25:01,347](INFO)report : 打包并发送数据,开始
[2017-10-24 15:25:01,348](INFO)report : 存在相同压缩文件名，删除历史数据:/opt/monitor/zipDir/report_20171024.zip
[2017-10-24 15:25:01,348](INFO)report : 创建压缩文件:/opt/monitor/zipDir/report_20171024.zip
[2017-10-24 15:25:01,356](INFO)report : 压缩结束
[2017-10-24 15:25:01,357](INFO)report : send mail starting....
[2017-10-24 15:25:01,397](INFO)report : send mail end.
[2017-10-24 15:25:01,397](INFO)report : 打包并发送数据,结束
[2017-10-24 15:36:55,822](INFO)report : 开始
[2017-10-24 15:38:25,088](INFO)report : 删除报表数据目录,完成
[2017-10-24 15:38:25,088](ERROR)report : 异常,标题字段不存在,字段名称:'VELOCITY_CSN_NO'
[2017-10-24 15:38:25,088](ERROR)report : 异常,标题字段不存在,字段名称:COUNT(1)
[2017-10-24 15:38:28,131](INFO)report : 删除报表数据目录,完成
[2017-10-24 15:38:28,131](ERROR)report : 异常,标题字段不存在,字段名称:'VELOCITY_CSN_NO'
[2017-10-24 15:38:28,132](ERROR)report : 异常,标题字段不存在,字段名称:COUNT(1)
[2017-10-24 15:38:28,146](INFO)report : 生成execl文件,结束
[2017-10-24 15:38:28,146](INFO)report : 打包并发送数据,开始
[2017-10-24 15:38:28,146](INFO)report : 存在相同压缩文件名，删除历史数据:/opt/monitor/zipDir/report_20171024.zip
[2017-10-24 15:38:28,147](INFO)report : 创建压缩文件:/opt/monitor/zipDir/report_20171024.zip
[2017-10-24 15:38:28,155](INFO)report : 压缩结束
[2017-10-24 15:38:28,156](INFO)report : send mail starting....
[2017-10-24 15:38:28,197](INFO)report : send mail end.
[2017-10-24 15:38:28,197](INFO)report : 打包并发送数据,结束
[2017-10-24 15:41:05,970](INFO)report : 开始
[2017-10-24 15:44:47,455](INFO)report : 开始
[2017-10-24 15:46:15,053](ERROR)report : 异常,标题字段不存在,字段名称:'VELOCITY_CSN_NO'
[2017-10-24 15:46:15,054](ERROR)report : 异常,标题字段不存在,字段名称:COUNT(1)
[2017-10-24 15:52:54,753](INFO)report : 开始
[2017-10-24 15:53:27,104](INFO)report : 开始
[2017-10-24 15:53:27,105](INFO)report : 删除报表数据目录,完成
[2017-10-24 15:54:55,344](ERROR)report : 异常,标题字段不存在,字段名称:'VELOCITY_CSN_NO'
[2017-10-24 15:54:55,344](ERROR)report : 异常,标题字段不存在,字段名称:COUNT(1)
[2017-10-24 15:54:58,315](ERROR)report : 异常,标题字段不存在,字段名称:'VELOCITY_CSN_NO'
[2017-10-24 15:54:58,315](ERROR)report : 异常,标题字段不存在,字段名称:COUNT(1)
[2017-10-24 15:54:58,326](INFO)report : 生成execl文件,结束
[2017-10-24 15:54:58,326](INFO)report : 打包并发送数据,开始
[2017-10-24 15:54:58,326](INFO)report : 存在相同压缩文件名，删除历史数据:/opt/monitor/zipDir/report_20171024.zip
[2017-10-24 15:54:58,326](INFO)report : 创建压缩文件:/opt/monitor/zipDir/report_20171024.zip
[2017-10-24 15:54:58,335](INFO)report : 压缩结束
[2017-10-24 15:54:58,335](INFO)report : send mail starting....
[2017-10-24 15:54:58,377](INFO)report : send mail end.
[2017-10-24 15:54:58,377](INFO)report : 打包并发送数据,结束
[2017-10-24 16:08:20,653](INFO)report : 开始
[2017-10-24 16:08:20,654](INFO)report : 删除报表数据目录,完成
[2017-10-24 16:09:52,214](ERROR)report : 异常,标题字段不存在,字段名称:'VELOCITY_CSN_NO'
[2017-10-24 16:09:52,215](ERROR)report : 异常,标题字段不存在,字段名称:COUNT(1)
[2017-10-24 16:09:55,225](ERROR)report : 异常,标题字段不存在,字段名称:'VELOCITY_CSN_NO'
[2017-10-24 16:09:55,225](ERROR)report : 异常,标题字段不存在,字段名称:COUNT(1)
[2017-10-24 16:11:40,229](ERROR)report : 异常,标题字段不存在,字段名称:'RSK_TRANS_LOG'
[2017-10-24 16:11:40,230](ERROR)report : 异常,标题字段不存在,字段名称:COUNT(1)
[2017-10-24 16:11:40,241](INFO)report : 生成execl文件,结束
[2017-10-24 16:11:40,241](INFO)report : 打包并发送数据,开始
[2017-10-24 16:11:40,242](INFO)report : 存在相同压缩文件名，删除历史数据:/opt/monitor/zipDir/report_20171024.zip
[2017-10-24 16:11:40,242](INFO)report : 创建压缩文件:/opt/monitor/zipDir/report_20171024.zip
[2017-10-24 16:11:40,252](INFO)report : 压缩结束
[2017-10-24 16:11:40,252](INFO)report : send mail starting....
[2017-10-24 16:11:40,286](INFO)report : send mail end.
[2017-10-24 16:11:40,286](INFO)report : 打包并发送数据,结束
[2017-10-24 16:23:16,559](INFO)report : 开始
[2017-10-24 16:23:16,560](INFO)report : 删除报表数据目录,完成
[2017-10-24 16:25:20,720](INFO)report : 生成execl文件,结束
[2017-10-24 16:25:20,720](INFO)report : 打包并发送数据,开始
[2017-10-24 16:25:20,720](INFO)report : 存在相同压缩文件名，删除历史数据:/opt/monitor/zipDir/report_20171024.zip
[2017-10-24 16:25:20,721](INFO)report : 创建压缩文件:/opt/monitor/zipDir/report_20171024.zip
[2017-10-24 16:25:20,731](INFO)report : 压缩结束
[2017-10-24 16:25:20,731](INFO)report : send mail starting....
[2017-10-24 16:25:20,765](INFO)report : send mail end.
[2017-10-24 16:25:20,765](INFO)report : 打包并发送数据,结束
[2017-10-24 16:34:51,330](INFO)report : 开始
[2017-10-24 16:34:51,330](INFO)report : 删除报表数据目录,完成
[2017-10-24 16:36:52,265](INFO)report : 生成execl文件,结束
[2017-10-24 16:36:52,266](INFO)report : 打包并发送数据,开始
[2017-10-24 16:36:52,266](INFO)report : 存在相同压缩文件名，删除历史数据:/opt/monitor/zipDir/report_20171024.zip
[2017-10-24 16:36:52,266](INFO)report : 创建压缩文件:/opt/monitor/zipDir/report_20171024.zip
[2017-10-24 16:36:52,277](INFO)report : 压缩结束
[2017-10-24 16:36:52,277](INFO)report : send mail starting....
[2017-10-24 16:36:52,311](INFO)report : send mail end.
[2017-10-24 16:36:52,311](INFO)report : 打包并发送数据,结束
[2017-10-24 16:39:23,846](INFO)report : 开始
[2017-10-24 16:39:23,847](INFO)report : 删除报表数据目录,完成
[2017-10-24 16:41:27,504](INFO)report : 生成execl文件,结束
[2017-10-24 16:41:27,504](INFO)report : 打包并发送数据,开始
[2017-10-24 16:41:27,505](INFO)report : 存在相同压缩文件名，删除历史数据:/opt/monitor/zipDir/report_20171024.zip
[2017-10-24 16:41:27,505](INFO)report : 创建压缩文件:/opt/monitor/zipDir/report_20171024.zip
[2017-10-24 16:41:27,516](INFO)report : 压缩结束
[2017-10-24 16:41:27,517](INFO)report : send mail starting....
[2017-10-24 16:41:27,559](INFO)report : send mail end.
[2017-10-24 16:41:27,559](INFO)report : 打包并发送数据,结束
[2017-10-24 17:11:39,677](INFO)report : 开始
[2017-10-24 17:11:39,678](INFO)report : 删除报表数据目录,完成
[2017-10-24 17:13:37,936](INFO)report : 生成execl文件,结束
[2017-10-24 17:13:37,937](INFO)report : 打包并发送数据,开始
[2017-10-24 17:13:37,937](INFO)report : 存在相同压缩文件名，删除历史数据:/opt/monitor/zipDir/report_20171024.zip
[2017-10-24 17:13:37,937](INFO)report : 创建压缩文件:/opt/monitor/zipDir/report_20171024.zip
[2017-10-24 17:13:37,949](INFO)report : 压缩结束
[2017-10-24 17:13:37,949](INFO)report : send mail starting....
[2017-10-24 17:13:37,983](INFO)report : send mail end.
[2017-10-24 17:13:37,983](INFO)report : 打包并发送数据,结束
[2017-10-24 17:14:22,445](INFO)report : 开始
[2017-10-24 17:14:22,446](INFO)report : 删除报表数据目录,完成
[2017-10-24 17:16:21,090](INFO)report : 生成execl文件,结束
[2017-10-24 17:16:21,091](INFO)report : 打包并发送数据,开始
[2017-10-24 17:16:21,091](INFO)report : 存在相同压缩文件名，删除历史数据:/opt/monitor/zipDir/report_20171024.zip
[2017-10-24 17:16:21,091](INFO)report : 创建压缩文件:/opt/monitor/zipDir/report_20171024.zip
[2017-10-24 17:16:21,102](INFO)report : 压缩结束
[2017-10-24 17:16:21,103](INFO)report : send mail starting....
[2017-10-24 17:16:21,147](INFO)report : send mail end.
[2017-10-24 17:16:21,147](INFO)report : 打包并发送数据,结束
[2017-10-24 17:24:21,100](INFO)report : 开始
[2017-10-24 17:24:21,101](INFO)report : 删除报表数据目录,完成
[2017-10-24 17:26:20,633](INFO)report : 生成execl文件,结束
[2017-10-24 17:26:20,633](INFO)report : 打包并发送数据,开始
[2017-10-24 17:26:20,633](INFO)report : 存在相同压缩文件名，删除历史数据:/opt/monitor/zipDir/report_20171024.zip
[2017-10-24 17:26:20,633](INFO)report : 创建压缩文件:/opt/monitor/zipDir/report_20171024.zip
[2017-10-24 17:26:20,644](INFO)report : 压缩结束
[2017-10-24 17:26:20,645](INFO)report : send mail starting....
[2017-10-24 17:26:20,666](INFO)report : send mail end.
[2017-10-24 17:26:20,667](INFO)report : 打包并发送数据,结束
[2017-10-25 11:02:16,135](INFO)report : 开始
[2017-10-25 11:02:16,137](INFO)report : 删除报表数据目录,完成
[2017-10-25 11:02:16,690](INFO)report : 生成execl文件,结束
[2017-10-25 11:02:16,690](INFO)report : 打包并发送数据,开始
[2017-10-25 11:02:16,690](INFO)report : 打包并发送数据,结束
[2017-10-25 11:10:05,105](INFO)report : 开始
[2017-10-25 11:10:05,253](INFO)report : 生成execl文件,结束
[2017-10-25 11:10:05,253](INFO)report : 打包并发送数据,开始
[2017-10-25 11:10:05,253](INFO)report : 打包并发送数据,结束
[2017-10-25 11:10:23,382](INFO)report : 开始
[2017-10-25 11:10:23,559](INFO)report : 生成execl文件,结束
[2017-10-25 11:10:23,559](INFO)report : 打包并发送数据,开始
[2017-10-25 11:10:23,559](INFO)report : 打包并发送数据,结束
[2017-10-25 11:11:21,937](INFO)report : 开始
[2017-10-25 11:11:22,075](INFO)report : 生成execl文件,结束
[2017-10-25 11:11:22,075](INFO)report : 打包并发送数据,开始
[2017-10-25 11:11:22,075](INFO)report : 打包并发送数据,结束
[2017-10-25 11:11:44,838](INFO)report : 开始
[2017-10-25 11:11:58,111](INFO)report : 开始
[2017-10-25 11:11:58,285](INFO)report : 生成execl文件,结束
[2017-10-25 11:11:58,285](INFO)report : 打包并发送数据,开始
[2017-10-25 11:11:58,286](INFO)report : 打包并发送数据,结束
[2017-10-25 11:12:17,118](INFO)report : 开始
[2017-10-25 11:12:17,118](INFO)report : 生成execl文件,结束
[2017-10-25 11:12:17,118](INFO)report : 打包并发送数据,开始
[2017-10-25 11:12:17,118](INFO)report : 打包并发送数据,结束
[2017-10-25 11:12:42,650](INFO)report : 开始
[2017-10-25 11:12:42,818](INFO)report : 生成execl文件,结束
[2017-10-25 11:12:42,818](INFO)report : 打包并发送数据,开始
[2017-10-25 11:12:42,818](INFO)report : 打包并发送数据,结束
[2017-10-25 11:13:33,460](INFO)report : 开始
[2017-10-25 11:13:33,621](INFO)report : 生成execl文件,结束
[2017-10-25 11:13:33,621](INFO)report : 打包并发送数据,开始
[2017-10-25 11:13:33,621](INFO)report : 打包并发送数据,结束
[2017-10-25 11:14:13,400](INFO)report : 开始
[2017-10-25 11:14:13,552](INFO)report : 生成execl文件,结束
[2017-10-25 11:14:13,552](INFO)report : 打包并发送数据,开始
[2017-10-25 11:14:13,552](INFO)report : 打包并发送数据,结束
[2017-10-25 11:14:24,813](INFO)report : 开始
[2017-10-25 11:14:25,062](INFO)report : 生成execl文件,结束
[2017-10-25 11:14:25,062](INFO)report : 打包并发送数据,开始
[2017-10-25 11:14:25,062](INFO)report : 打包并发送数据,结束
[2017-10-25 11:14:30,204](INFO)report : 开始
[2017-10-25 11:14:30,348](INFO)report : 生成execl文件,结束
[2017-10-25 11:14:30,348](INFO)report : 打包并发送数据,开始
[2017-10-25 11:14:30,348](INFO)report : 打包并发送数据,结束
[2017-10-25 11:15:17,454](INFO)report : 开始
[2017-10-25 11:15:39,907](INFO)report : 开始
[2017-10-25 11:15:40,069](INFO)report : 生成execl文件,结束
[2017-10-25 11:15:40,069](INFO)report : 打包并发送数据,开始
[2017-10-25 11:15:40,069](INFO)report : 打包并发送数据,结束
[2017-10-25 11:15:49,773](INFO)report : 开始
[2017-10-25 11:15:49,943](INFO)report : 生成execl文件,结束
[2017-10-25 11:15:49,944](INFO)report : 打包并发送数据,开始
[2017-10-25 11:15:49,944](INFO)report : 打包并发送数据,结束
[2017-10-25 11:19:38,736](INFO)report : 开始
[2017-10-25 11:19:45,888](INFO)report : 开始
[2017-10-25 11:19:59,815](INFO)report : 开始
[2017-10-25 11:25:19,520](INFO)report : 开始
[2017-10-25 11:25:19,693](INFO)report : 生成execl文件,结束
[2017-10-25 11:25:19,693](INFO)report : 打包并发送数据,开始
[2017-10-25 11:25:19,693](INFO)report : 打包并发送数据,结束
[2017-10-25 11:26:27,562](INFO)report : 开始
[2017-10-25 11:26:27,739](INFO)report : 生成execl文件,结束
[2017-10-25 11:26:27,739](INFO)report : 打包并发送数据,开始
[2017-10-25 11:26:27,739](INFO)report : 打包并发送数据,结束
[2017-10-25 11:26:42,026](INFO)report : 开始
[2017-10-25 11:26:42,181](INFO)report : 生成execl文件,结束
[2017-10-25 11:26:42,181](INFO)report : 打包并发送数据,开始
[2017-10-25 11:26:42,181](INFO)report : 打包并发送数据,结束
[2017-10-25 11:27:26,467](INFO)report : 开始
[2017-10-25 11:27:26,638](INFO)report : 生成execl文件,结束
[2017-10-25 11:27:26,638](INFO)report : 打包并发送数据,开始
[2017-10-25 11:27:26,638](INFO)report : 打包并发送数据,结束
[2017-10-25 11:28:02,134](INFO)report : 开始
[2017-10-25 11:28:02,326](INFO)report : 生成execl文件,结束
[2017-10-25 11:28:02,326](INFO)report : 打包并发送数据,开始
[2017-10-25 11:28:02,326](INFO)report : 打包并发送数据,结束
[2017-10-25 11:29:10,496](INFO)report : 开始
[2017-10-25 11:30:13,842](INFO)report : 开始
[2017-10-25 11:30:13,990](INFO)report : 生成execl文件,结束
[2017-10-25 11:30:13,990](INFO)report : 打包并发送数据,开始
[2017-10-25 11:30:13,990](INFO)report : 打包并发送数据,结束
[2017-10-25 11:30:49,582](INFO)report : 开始
[2017-10-25 11:30:49,733](INFO)report : 生成execl文件,结束
[2017-10-25 11:30:49,733](INFO)report : 打包并发送数据,开始
[2017-10-25 11:30:49,733](INFO)report : 打包并发送数据,结束
[2017-10-25 11:31:51,740](INFO)report : 开始
[2017-10-25 11:31:51,880](INFO)report : 生成execl文件,结束
[2017-10-25 11:31:51,880](INFO)report : 打包并发送数据,开始
[2017-10-25 11:31:51,880](INFO)report : 打包并发送数据,结束
[2017-10-25 11:34:02,345](INFO)report : 开始
[2017-10-25 11:34:02,476](INFO)report : 生成execl文件,结束
[2017-10-25 11:34:02,476](INFO)report : 打包并发送数据,开始
[2017-10-25 11:34:02,476](INFO)report : 打包并发送数据,结束
[2017-10-25 11:34:11,007](INFO)report : 开始
[2017-10-25 11:34:11,160](INFO)report : 生成execl文件,结束
[2017-10-25 11:34:11,160](INFO)report : 打包并发送数据,开始
[2017-10-25 11:34:11,160](INFO)report : 打包并发送数据,结束
[2017-10-25 13:48:42,273](INFO)report : 开始
[2017-10-25 13:48:42,888](INFO)report : 生成execl文件,结束
[2017-10-25 13:48:42,888](INFO)report : 打包并发送数据,开始
[2017-10-25 13:48:42,888](INFO)report : 打包并发送数据,结束
[2017-10-25 13:53:25,816](INFO)report : 开始
[2017-10-25 13:53:25,980](INFO)report : 生成execl文件,结束
[2017-10-25 13:53:25,980](INFO)report : 打包并发送数据,开始
[2017-10-25 13:53:25,980](INFO)report : 打包并发送数据,结束
[2017-10-25 13:53:38,055](INFO)report : 开始
[2017-10-25 13:53:38,236](INFO)report : 生成execl文件,结束
[2017-10-25 13:53:38,236](INFO)report : 打包并发送数据,开始
[2017-10-25 13:53:38,236](INFO)report : 打包并发送数据,结束
[2017-10-25 13:53:51,137](INFO)report : 开始
[2017-10-25 13:53:51,315](INFO)report : 生成execl文件,结束
[2017-10-25 13:53:51,315](INFO)report : 打包并发送数据,开始
[2017-10-25 13:53:51,315](INFO)report : 打包并发送数据,结束
[2017-10-25 13:54:42,201](INFO)report : 开始
[2017-10-25 13:55:08,167](INFO)report : 开始
[2017-10-25 13:55:08,336](INFO)report : 生成execl文件,结束
[2017-10-25 13:55:08,336](INFO)report : 打包并发送数据,开始
[2017-10-25 13:55:08,336](INFO)report : 打包并发送数据,结束
[2017-10-25 14:09:29,141](INFO)report : 开始
[2017-10-25 14:09:29,322](INFO)report : 生成execl文件,结束
[2017-10-25 14:09:29,322](INFO)report : 打包并发送数据,开始
[2017-10-25 14:09:29,323](INFO)report : 打包并发送数据,结束
[2017-10-25 14:09:47,082](INFO)report : 开始
[2017-10-25 14:09:47,253](INFO)report : 生成execl文件,结束
[2017-10-25 14:09:47,253](INFO)report : 打包并发送数据,开始
[2017-10-25 14:09:47,253](INFO)report : 打包并发送数据,结束
[2017-10-25 14:10:06,246](INFO)report : 开始
[2017-10-25 14:10:06,407](INFO)report : 生成execl文件,结束
[2017-10-25 14:10:06,407](INFO)report : 打包并发送数据,开始
[2017-10-25 14:10:06,407](INFO)report : 打包并发送数据,结束
[2017-10-25 14:10:17,364](INFO)report : 开始
[2017-10-25 14:10:17,526](INFO)report : 生成execl文件,结束
[2017-10-25 14:10:17,526](INFO)report : 打包并发送数据,开始
[2017-10-25 14:10:17,526](INFO)report : 打包并发送数据,结束
[2017-10-25 14:10:31,529](INFO)report : 开始
[2017-10-25 14:10:31,687](INFO)report : 生成execl文件,结束
[2017-10-25 14:10:31,687](INFO)report : 打包并发送数据,开始
[2017-10-25 14:10:31,687](INFO)report : 打包并发送数据,结束
[2017-10-25 14:12:07,361](INFO)report : 开始
[2017-10-25 14:12:19,703](INFO)report : 开始
[2017-10-25 14:13:11,819](INFO)report : 开始
[2017-10-25 14:13:11,989](INFO)report : 生成execl文件,结束
[2017-10-25 14:13:11,990](INFO)report : 打包并发送数据,开始
[2017-10-25 14:13:11,990](INFO)report : 打包并发送数据,结束
[2017-10-25 14:13:18,308](INFO)report : 开始
[2017-10-25 14:13:18,474](INFO)report : 生成execl文件,结束
[2017-10-25 14:13:18,474](INFO)report : 打包并发送数据,开始
[2017-10-25 14:13:18,474](INFO)report : 打包并发送数据,结束
[2017-10-25 14:13:32,094](INFO)report : 开始
[2017-10-25 14:13:32,325](INFO)report : 生成execl文件,结束
[2017-10-25 14:13:32,325](INFO)report : 打包并发送数据,开始
[2017-10-25 14:13:32,325](INFO)report : 打包并发送数据,结束
[2017-10-25 14:14:10,492](INFO)report : 开始
[2017-10-25 14:14:10,660](INFO)report : 生成execl文件,结束
[2017-10-25 14:14:10,660](INFO)report : 打包并发送数据,开始
[2017-10-25 14:14:10,660](INFO)report : 打包并发送数据,结束
[2017-10-25 14:14:52,700](INFO)report : 开始
[2017-10-25 14:14:52,871](INFO)report : 生成execl文件,结束
[2017-10-25 14:14:52,871](INFO)report : 打包并发送数据,开始
[2017-10-25 14:14:52,871](INFO)report : 打包并发送数据,结束
[2017-10-25 14:16:52,582](INFO)report : 开始
[2017-10-25 14:16:52,730](INFO)report : 生成execl文件,结束
[2017-10-25 14:16:52,730](INFO)report : 打包并发送数据,开始
[2017-10-25 14:16:52,730](INFO)report : 打包并发送数据,结束
[2017-10-25 14:17:33,881](INFO)report : 开始
[2017-10-25 14:17:34,048](INFO)report : 生成execl文件,结束
[2017-10-25 14:17:34,048](INFO)report : 打包并发送数据,开始
[2017-10-25 14:17:34,048](INFO)report : 打包并发送数据,结束
[2017-10-25 14:23:33,545](INFO)report : 开始
[2017-10-25 14:23:33,694](INFO)report : 成功获取了dbid
[2017-10-25 14:23:33,696](INFO)report : 成功获取了inst_num
[2017-10-25 14:23:33,696](INFO)report : 生成execl文件,结束
[2017-10-25 14:23:33,696](INFO)report : 打包并发送数据,开始
[2017-10-25 14:23:33,696](INFO)report : 打包并发送数据,结束
[2017-10-25 14:24:26,532](INFO)report : 开始
[2017-10-25 14:24:26,704](INFO)report : 成功获取了dbid
[2017-10-25 14:24:26,704](INFO)report : 成功获取了inst_num
[2017-10-25 14:24:26,704](INFO)report : 生成execl文件,结束
[2017-10-25 14:24:26,704](INFO)report : 打包并发送数据,开始
[2017-10-25 14:24:26,704](INFO)report : 打包并发送数据,结束
[2017-10-25 14:26:02,681](INFO)report : 开始
[2017-10-25 14:26:02,839](INFO)report : 成功获取了dbid
[2017-10-25 14:26:02,841](INFO)report : 成功获取了inst_num
[2017-10-25 14:26:02,841](INFO)report : 生成execl文件,结束
[2017-10-25 14:26:02,841](INFO)report : 打包并发送数据,开始
[2017-10-25 14:26:02,841](INFO)report : 打包并发送数据,结束
[2017-10-25 14:26:51,479](INFO)report : 开始
[2017-10-25 14:26:51,634](INFO)report : 成功获取dbid:3772574631
[2017-10-25 14:26:51,634](INFO)report : 成功获取inst_num:1
[2017-10-25 14:26:51,634](INFO)report : 生成execl文件,结束
[2017-10-25 14:26:51,634](INFO)report : 打包并发送数据,开始
[2017-10-25 14:26:51,635](INFO)report : 打包并发送数据,结束
[2017-10-25 14:29:35,230](INFO)report : 开始
[2017-10-25 14:29:35,398](INFO)report : 成功获取dbid:1
[2017-10-25 14:29:35,398](INFO)report : 成功获取inst_num:1
[2017-10-25 14:29:35,621](INFO)report : 生成execl文件,结束
[2017-10-25 14:29:35,621](INFO)report : 打包并发送数据,开始
[2017-10-25 14:29:35,621](INFO)report : 打包并发送数据,结束
[2017-10-25 14:29:45,457](INFO)report : 开始
[2017-10-25 14:29:45,609](INFO)report : 成功获取dbid:3772574631
[2017-10-25 14:29:45,609](INFO)report : 成功获取inst_num:1
[2017-10-25 14:29:45,835](INFO)report : 生成execl文件,结束
[2017-10-25 14:29:45,835](INFO)report : 打包并发送数据,开始
[2017-10-25 14:29:45,836](INFO)report : 打包并发送数据,结束
[2017-10-25 14:30:14,384](INFO)report : 开始
[2017-10-25 14:30:14,523](INFO)report : 成功获取dbid:3772574631
[2017-10-25 14:30:14,523](INFO)report : 成功获取inst_num:1
[2017-10-25 14:30:14,730](INFO)report : 生成execl文件,结束
[2017-10-25 14:30:14,732](INFO)report : 打包并发送数据,开始
[2017-10-25 14:30:14,732](INFO)report : 打包并发送数据,结束
[2017-10-25 14:30:54,763](INFO)report : 开始
[2017-10-25 14:30:54,911](INFO)report : 成功获取dbid:3772574631
[2017-10-25 14:30:54,911](INFO)report : 成功获取inst_num:1
[2017-10-25 14:30:55,134](INFO)report : 生成execl文件,结束
[2017-10-25 14:30:55,134](INFO)report : 打包并发送数据,开始
[2017-10-25 14:30:55,134](INFO)report : 打包并发送数据,结束
[2017-10-25 14:35:37,562](INFO)report : 开始
[2017-10-25 14:35:37,707](INFO)report : 成功获取dbid:3772574631
[2017-10-25 14:35:37,707](INFO)report : 成功获取inst_num:1
[2017-10-25 14:35:38,226](INFO)report : 生成execl文件,结束
[2017-10-25 14:35:38,226](INFO)report : 打包并发送数据,开始
[2017-10-25 14:35:38,226](INFO)report : 打包并发送数据,结束
[2017-10-25 14:35:50,615](INFO)report : 开始
[2017-10-25 14:35:50,790](INFO)report : 成功获取dbid:3772574631
[2017-10-25 14:35:50,790](INFO)report : 成功获取inst_num:1
[2017-10-25 14:36:27,559](INFO)report : 开始
[2017-10-25 14:36:27,721](INFO)report : 成功获取dbid:3772574631
[2017-10-25 14:36:27,721](INFO)report : 成功获取inst_num:1
[2017-10-25 14:36:28,269](INFO)report : 生成execl文件,结束
[2017-10-25 14:36:28,269](INFO)report : 打包并发送数据,开始
[2017-10-25 14:36:28,269](INFO)report : 打包并发送数据,结束
[2017-10-25 14:37:22,898](INFO)report : 开始
[2017-10-25 14:37:23,033](INFO)report : 成功获取dbid:3772574631
[2017-10-25 14:37:23,033](INFO)report : 成功获取inst_num:1
[2017-10-25 14:37:23,512](INFO)report : 成功获取beg_snap:8951
[2017-10-25 14:37:23,512](INFO)report : 成功获取end_snap:9095
[2017-10-25 14:37:23,512](INFO)report : 生成execl文件,结束
[2017-10-25 14:37:23,512](INFO)report : 打包并发送数据,开始
[2017-10-25 14:37:23,512](INFO)report : 打包并发送数据,结束
[2017-10-25 15:03:54,283](INFO)report : 开始
[2017-10-25 15:03:54,453](INFO)report : 成功获取dbid:3772574631
[2017-10-25 15:03:54,453](INFO)report : 成功获取inst_num:1
[2017-10-25 15:03:54,969](INFO)report : 成功获取beg_snap:8951
[2017-10-25 15:03:54,970](INFO)report : 成功获取end_snap:9096
[2017-10-25 15:04:26,417](INFO)report : 开始
[2017-10-25 15:04:26,571](INFO)report : 成功获取dbid:3772574631
[2017-10-25 15:04:26,571](INFO)report : 成功获取inst_num:1
[2017-10-25 15:04:27,062](INFO)report : 成功获取beg_snap:8951
[2017-10-25 15:04:27,062](INFO)report : 成功获取end_snap:9096
[2017-10-25 15:06:32,279](INFO)report : 开始
[2017-10-25 15:06:32,486](INFO)report : 成功获取dbid:3772574631
[2017-10-25 15:06:32,486](INFO)report : 成功获取inst_num:1
[2017-10-25 15:06:33,046](INFO)report : 成功获取beg_snap:8951
[2017-10-25 15:06:33,046](INFO)report : 成功获取end_snap:9096
[2017-10-25 15:06:41,680](INFO)report : 开始
[2017-10-25 15:06:41,858](INFO)report : 成功获取dbid:3772574631
[2017-10-25 15:06:41,858](INFO)report : 成功获取inst_num:1
[2017-10-25 15:06:42,390](INFO)report : 成功获取beg_snap:8951
[2017-10-25 15:06:42,390](INFO)report : 成功获取end_snap:9096
[2017-10-25 15:07:20,930](INFO)report : 开始
[2017-10-25 15:07:21,108](INFO)report : 成功获取dbid:3772574631
[2017-10-25 15:07:21,108](INFO)report : 成功获取inst_num:1
[2017-10-25 15:07:21,637](INFO)report : 成功获取beg_snap:8951
[2017-10-25 15:07:21,637](INFO)report : 成功获取end_snap:9096
[2017-10-25 15:07:21,986](INFO)report : 生成execl文件,结束
[2017-10-25 15:07:21,987](ERROR)report : 异常,标题字段不存在,字段名称:NVL((SQT.ELAP/1000000),TO_NUMBER(NULL))
[2017-10-25 15:07:21,987](ERROR)report : 异常,标题字段不存在,字段名称:NVL((SQT.CPUT/1000000),TO_NUMBER(NULL))
[2017-10-25 15:07:21,987](ERROR)report : 异常,标题字段不存在,字段名称:exec
[2017-10-25 15:07:21,987](ERROR)report : 异常,标题字段不存在,字段名称:DECODE(SQT.EXEC,0,TO_NUMBER(NULL),(SQT.ELAP/SQT.EXEC/1000000))
[2017-10-25 15:07:21,987](ERROR)report : 异常,标题字段不存在,字段名称:norm_val
[2017-10-25 15:07:21,989](ERROR)report : 异常,标题字段不存在,字段名称:sql_id
[2017-10-25 15:07:21,990](ERROR)report : 异常,标题字段不存在,字段名称:TO_CLOB(DECODE(SQT.MODULE,NULL,NULL,'MODULE:'||SQT.MODULE))
[2017-10-25 15:07:21,990](ERROR)report : 异常,标题字段不存在,字段名称:NVL(ST.SQL_TEXT,TO_CLOB('**SQLTEXTNOTAVAILABLE**'))
[2017-10-25 15:07:22,046](INFO)report : 打包并发送数据,开始
[2017-10-25 15:07:22,046](INFO)report : 打包并发送数据,结束
[2017-10-25 15:22:16,746](INFO)report : 开始
[2017-10-25 15:22:16,749](INFO)report : 删除报表数据目录,完成
[2017-10-25 15:22:16,894](INFO)report : 成功获取dbid:3772574631
[2017-10-25 15:22:16,895](INFO)report : 成功获取inst_num:1
[2017-10-25 15:22:17,430](INFO)report : 成功获取beg_snap:8951
[2017-10-25 15:22:17,431](INFO)report : 成功获取end_snap:9096
[2017-10-25 15:23:45,882](INFO)report : 开始
[2017-10-25 15:23:46,043](INFO)report : 成功获取dbid:3772574631
[2017-10-25 15:23:46,043](INFO)report : 成功获取inst_num:1
[2017-10-25 15:23:46,582](INFO)report : 成功获取beg_snap:8951
[2017-10-25 15:23:46,584](INFO)report : 成功获取end_snap:9096
[2017-10-25 15:24:21,128](INFO)report : 开始
[2017-10-25 15:24:21,282](INFO)report : 成功获取dbid:3772574631
[2017-10-25 15:24:21,282](INFO)report : 成功获取inst_num:1
[2017-10-25 15:24:21,823](INFO)report : 成功获取beg_snap:8951
[2017-10-25 15:24:21,825](INFO)report : 成功获取end_snap:9096
[2017-10-25 15:24:22,177](INFO)report : 生成execl文件,结束
[2017-10-25 15:24:22,177](ERROR)report : 异常,标题字段不存在,字段名称:elapsed_time
[2017-10-25 15:24:22,177](ERROR)report : 异常,标题字段不存在,字段名称:cpu_time
[2017-10-25 15:24:22,178](ERROR)report : 异常,标题字段不存在,字段名称:executions
[2017-10-25 15:24:22,178](ERROR)report : 异常,标题字段不存在,字段名称:elapsed_time_per_exec
[2017-10-25 15:24:22,178](ERROR)report : 异常,标题字段不存在,字段名称:elapsed_time_per_total
[2017-10-25 15:24:22,178](ERROR)report : 异常,标题字段不存在,字段名称:sql_id
[2017-10-25 15:24:22,178](ERROR)report : 异常,标题字段不存在,字段名称:sql_module
[2017-10-25 15:24:22,180](ERROR)report : 异常,标题字段不存在,字段名称:sql_text
[2017-10-25 15:24:22,236](INFO)report : 打包并发送数据,开始
[2017-10-25 15:24:22,236](INFO)report : 打包并发送数据,结束
[2017-10-25 15:25:11,006](INFO)report : 开始
[2017-10-25 15:25:11,009](INFO)report : 删除报表数据目录,完成
[2017-10-25 15:25:11,177](INFO)report : 成功获取dbid:3772574631
[2017-10-25 15:25:11,177](INFO)report : 成功获取inst_num:1
[2017-10-25 15:25:11,721](INFO)report : 成功获取beg_snap:8951
[2017-10-25 15:25:11,723](INFO)report : 成功获取end_snap:9096
[2017-10-25 15:25:12,036](INFO)report : 生成execl文件,结束
[2017-10-25 15:25:12,036](ERROR)report : 异常,标题字段不存在,字段名称:sql_text
[2017-10-25 15:25:12,036](ERROR)report : 异常,标题字段不存在,字段名称:elapsed_time
[2017-10-25 15:25:12,036](ERROR)report : 异常,标题字段不存在,字段名称:cpu_time
[2017-10-25 15:25:12,036](ERROR)report : 异常,标题字段不存在,字段名称:executions
[2017-10-25 15:25:12,036](ERROR)report : 异常,标题字段不存在,字段名称:elapsed_time_per_exec
[2017-10-25 15:25:12,036](ERROR)report : 异常,标题字段不存在,字段名称:elapsed_time_per_total
[2017-10-25 15:25:12,036](ERROR)report : 异常,标题字段不存在,字段名称:sql_id
[2017-10-25 15:25:12,036](ERROR)report : 异常,标题字段不存在,字段名称:sql_module
[2017-10-25 15:25:12,075](INFO)report : 打包并发送数据,开始
[2017-10-25 15:25:12,075](INFO)report : 打包并发送数据,结束
[2017-10-25 15:35:44,040](INFO)report : 开始
[2017-10-25 15:35:44,045](INFO)report : 删除报表数据目录,完成
[2017-10-25 15:35:44,188](INFO)report : 成功获取dbid:3772574631
[2017-10-25 15:35:44,188](INFO)report : 成功获取inst_num:1
[2017-10-25 15:35:44,726](INFO)report : 成功获取beg_snap:8951
[2017-10-25 15:35:44,726](INFO)report : 成功获取end_snap:9096
[2017-10-25 15:35:58,957](INFO)report : 开始
[2017-10-25 15:35:59,108](INFO)report : 成功获取dbid:3772574631
[2017-10-25 15:35:59,108](INFO)report : 成功获取inst_num:1
[2017-10-25 15:35:59,598](INFO)report : 成功获取beg_snap:8951
[2017-10-25 15:35:59,598](INFO)report : 成功获取end_snap:9096
[2017-10-25 15:36:00,203](INFO)report : 生成execl文件，开始
[2017-10-25 15:36:00,204](ERROR)report : 异常,标题字段不存在,字段名称:sql_text
[2017-10-25 15:36:00,204](ERROR)report : 异常,标题字段不存在,字段名称:elapsed_time
[2017-10-25 15:36:00,204](ERROR)report : 异常,标题字段不存在,字段名称:cpu_time
[2017-10-25 15:36:00,204](ERROR)report : 异常,标题字段不存在,字段名称:executions
[2017-10-25 15:36:00,204](ERROR)report : 异常,标题字段不存在,字段名称:elapsed_time_per_exec
[2017-10-25 15:36:00,206](ERROR)report : 异常,标题字段不存在,字段名称:elapsed_time_per_total
[2017-10-25 15:36:00,206](ERROR)report : 异常,标题字段不存在,字段名称:sql_id
[2017-10-25 15:36:00,206](ERROR)report : 异常,标题字段不存在,字段名称:sql_module
[2017-10-25 15:36:00,252](ERROR)report : 异常,标题字段不存在,字段名称:cpu_time
[2017-10-25 15:36:00,253](ERROR)report : 异常,标题字段不存在,字段名称:elapsed_time
[2017-10-25 15:36:00,253](ERROR)report : 异常,标题字段不存在,字段名称:executions
[2017-10-25 15:36:00,253](ERROR)report : 异常,标题字段不存在,字段名称:cpu_time_per_exec
[2017-10-25 15:36:00,253](ERROR)report : 异常,标题字段不存在,字段名称:elapsed_time_per_total
[2017-10-25 15:36:00,253](ERROR)report : 异常,标题字段不存在,字段名称:sql_id
[2017-10-25 15:36:00,253](ERROR)report : 异常,标题字段不存在,字段名称:sql_module
[2017-10-25 15:36:00,253](ERROR)report : 异常,标题字段不存在,字段名称:sql_text
[2017-10-25 15:36:00,302](INFO)report : 生成execl文件,结束
[2017-10-25 15:36:00,302](INFO)report : 打包并发送数据,开始
[2017-10-25 15:36:00,302](INFO)report : 打包并发送数据,结束
[2017-10-25 15:44:11,403](INFO)report : 开始
[2017-10-25 15:44:11,408](INFO)report : 删除报表数据目录,完成
[2017-10-25 15:44:11,576](INFO)report : 成功获取dbid:3772574631
[2017-10-25 15:44:11,578](INFO)report : 成功获取inst_num:1
[2017-10-25 15:44:12,099](INFO)report : 成功获取beg_snap:8951
[2017-10-25 15:44:12,101](INFO)report : 成功获取end_snap:9096
[2017-10-25 15:44:12,867](INFO)report : 生成execl文件，开始
[2017-10-25 15:44:12,868](ERROR)report : 异常,标题字段不存在,字段名称:sql_text
[2017-10-25 15:44:12,868](ERROR)report : 异常,标题字段不存在,字段名称:elapsed_time
[2017-10-25 15:44:12,868](ERROR)report : 异常,标题字段不存在,字段名称:cpu_time
[2017-10-25 15:44:12,868](ERROR)report : 异常,标题字段不存在,字段名称:executions
[2017-10-25 15:44:12,868](ERROR)report : 异常,标题字段不存在,字段名称:elapsed_time_per_exec
[2017-10-25 15:44:12,868](ERROR)report : 异常,标题字段不存在,字段名称:elapsed_time_per_total
[2017-10-25 15:44:12,868](ERROR)report : 异常,标题字段不存在,字段名称:sql_id
[2017-10-25 15:44:12,868](ERROR)report : 异常,标题字段不存在,字段名称:sql_module
[2017-10-25 15:44:12,911](ERROR)report : 异常,标题字段不存在,字段名称:cpu_time
[2017-10-25 15:44:12,911](ERROR)report : 异常,标题字段不存在,字段名称:elapsed_time
[2017-10-25 15:44:12,911](ERROR)report : 异常,标题字段不存在,字段名称:executions
[2017-10-25 15:44:12,911](ERROR)report : 异常,标题字段不存在,字段名称:cpu_time_per_exec
[2017-10-25 15:44:12,911](ERROR)report : 异常,标题字段不存在,字段名称:elapsed_time_per_total
[2017-10-25 15:44:12,911](ERROR)report : 异常,标题字段不存在,字段名称:sql_id
[2017-10-25 15:44:12,911](ERROR)report : 异常,标题字段不存在,字段名称:sql_module
[2017-10-25 15:44:12,911](ERROR)report : 异常,标题字段不存在,字段名称:sql_text
[2017-10-25 15:44:12,948](ERROR)report : 异常,标题字段不存在,字段名称:physical_reads
[2017-10-25 15:44:12,948](ERROR)report : 异常,标题字段不存在,字段名称:executions
[2017-10-25 15:44:12,948](ERROR)report : 异常,标题字段不存在,字段名称:reads_per_exec
[2017-10-25 15:44:12,948](ERROR)report : 异常,标题字段不存在,字段名称:physical_read_per_total
[2017-10-25 15:44:12,948](ERROR)report : 异常,标题字段不存在,字段名称:physical_read_cpu_time
[2017-10-25 15:44:12,948](ERROR)report : 异常,标题字段不存在,字段名称:physical_read_elapsed_time
[2017-10-25 15:44:12,948](ERROR)report : 异常,标题字段不存在,字段名称:sql_id
[2017-10-25 15:44:12,948](ERROR)report : 异常,标题字段不存在,字段名称:sql_module
[2017-10-25 15:44:12,950](ERROR)report : 异常,标题字段不存在,字段名称:sql_text
[2017-10-25 15:44:12,977](INFO)report : 生成execl文件,结束
[2017-10-25 15:44:12,980](INFO)report : 打包并发送数据,开始
[2017-10-25 15:44:12,980](INFO)report : 打包并发送数据,结束
[2017-10-25 15:45:34,128](INFO)report : 开始
[2017-10-25 15:45:34,135](INFO)report : 删除报表数据目录,完成
[2017-10-25 15:45:34,305](INFO)report : 成功获取dbid:3772574631
[2017-10-25 15:45:34,305](INFO)report : 成功获取inst_num:1
[2017-10-25 15:45:34,838](INFO)report : 成功获取beg_snap:8951
[2017-10-25 15:45:34,839](INFO)report : 成功获取end_snap:9096
[2017-10-25 15:45:35,660](INFO)report : 生成execl文件，开始
[2017-10-25 15:45:35,661](ERROR)report : 异常,标题字段不存在,字段名称:elapsed_time
[2017-10-25 15:45:35,661](ERROR)report : 异常,标题字段不存在,字段名称:cpu_time
[2017-10-25 15:45:35,661](ERROR)report : 异常,标题字段不存在,字段名称:executions
[2017-10-25 15:45:35,661](ERROR)report : 异常,标题字段不存在,字段名称:elapsed_time_per_exec
[2017-10-25 15:45:35,661](ERROR)report : 异常,标题字段不存在,字段名称:elapsed_time_per_total
[2017-10-25 15:45:35,661](ERROR)report : 异常,标题字段不存在,字段名称:sql_id
[2017-10-25 15:45:35,661](ERROR)report : 异常,标题字段不存在,字段名称:sql_module
[2017-10-25 15:45:35,663](ERROR)report : 异常,标题字段不存在,字段名称:sql_text
[2017-10-25 15:45:35,717](ERROR)report : 异常,标题字段不存在,字段名称:cpu_time
[2017-10-25 15:45:35,719](ERROR)report : 异常,标题字段不存在,字段名称:elapsed_time
[2017-10-25 15:45:35,719](ERROR)report : 异常,标题字段不存在,字段名称:executions
[2017-10-25 15:45:35,720](ERROR)report : 异常,标题字段不存在,字段名称:cpu_time_per_exec
[2017-10-25 15:45:35,720](ERROR)report : 异常,标题字段不存在,字段名称:elapsed_time_per_total
[2017-10-25 15:45:35,720](ERROR)report : 异常,标题字段不存在,字段名称:sql_id
[2017-10-25 15:45:35,720](ERROR)report : 异常,标题字段不存在,字段名称:sql_module
[2017-10-25 15:45:35,720](ERROR)report : 异常,标题字段不存在,字段名称:sql_text
[2017-10-25 15:45:35,757](ERROR)report : 异常,标题字段不存在,字段名称:physical_reads
[2017-10-25 15:45:35,759](ERROR)report : 异常,标题字段不存在,字段名称:executions
[2017-10-25 15:45:35,759](ERROR)report : 异常,标题字段不存在,字段名称:reads_per_exec
[2017-10-25 15:45:35,759](ERROR)report : 异常,标题字段不存在,字段名称:physical_read_per_total
[2017-10-25 15:45:35,759](ERROR)report : 异常,标题字段不存在,字段名称:physical_read_cpu_time
[2017-10-25 15:45:35,759](ERROR)report : 异常,标题字段不存在,字段名称:physical_read_elapsed_time
[2017-10-25 15:45:35,759](ERROR)report : 异常,标题字段不存在,字段名称:sql_id
[2017-10-25 15:45:35,759](ERROR)report : 异常,标题字段不存在,字段名称:sql_module
[2017-10-25 15:45:35,759](ERROR)report : 异常,标题字段不存在,字段名称:sql_text
[2017-10-25 15:45:35,788](INFO)report : 生成execl文件,结束
[2017-10-25 15:45:35,789](INFO)report : 打包并发送数据,开始
[2017-10-25 15:45:35,789](INFO)report : 打包并发送数据,结束
[2017-10-25 15:53:34,025](INFO)report : 开始
[2017-10-25 15:53:34,033](INFO)report : 删除报表数据目录,完成
[2017-10-25 15:53:34,183](INFO)report : 成功获取dbid:3772574631
[2017-10-25 15:53:34,183](INFO)report : 成功获取inst_num:1
[2017-10-25 15:53:34,694](INFO)report : 成功获取beg_snap:8951
[2017-10-25 15:53:34,694](INFO)report : 成功获取end_snap:9096
[2017-10-25 15:54:13,207](INFO)report : 开始
[2017-10-25 15:54:13,348](INFO)report : 成功获取dbid:3772574631
[2017-10-25 15:54:13,348](INFO)report : 成功获取inst_num:1
[2017-10-25 15:54:13,855](INFO)report : 成功获取beg_snap:8951
[2017-10-25 15:54:13,855](INFO)report : 成功获取end_snap:9096
[2017-10-25 15:54:14,742](INFO)report : 生成execl文件，开始
[2017-10-25 15:54:14,743](ERROR)report : 异常,标题字段不存在,字段名称:elapsed_time
[2017-10-25 15:54:14,743](ERROR)report : 异常,标题字段不存在,字段名称:cpu_time
[2017-10-25 15:54:14,743](ERROR)report : 异常,标题字段不存在,字段名称:executions
[2017-10-25 15:54:14,743](ERROR)report : 异常,标题字段不存在,字段名称:elapsed_time_per_exec
[2017-10-25 15:54:14,743](ERROR)report : 异常,标题字段不存在,字段名称:elapsed_time_per_total
[2017-10-25 15:54:14,744](ERROR)report : 异常,标题字段不存在,字段名称:sql_id
[2017-10-25 15:54:14,744](ERROR)report : 异常,标题字段不存在,字段名称:sql_module
[2017-10-25 15:54:14,744](ERROR)report : 异常,标题字段不存在,字段名称:sql_text
[2017-10-25 15:54:14,812](ERROR)report : 异常,标题字段不存在,字段名称:cpu_time
[2017-10-25 15:54:14,812](ERROR)report : 异常,标题字段不存在,字段名称:elapsed_time
[2017-10-25 15:54:14,812](ERROR)report : 异常,标题字段不存在,字段名称:executions
[2017-10-25 15:54:14,813](ERROR)report : 异常,标题字段不存在,字段名称:cpu_time_per_exec
[2017-10-25 15:54:14,813](ERROR)report : 异常,标题字段不存在,字段名称:elapsed_time_per_total
[2017-10-25 15:54:14,813](ERROR)report : 异常,标题字段不存在,字段名称:sql_id
[2017-10-25 15:54:14,813](ERROR)report : 异常,标题字段不存在,字段名称:sql_module
[2017-10-25 15:54:14,813](ERROR)report : 异常,标题字段不存在,字段名称:sql_text
[2017-10-25 15:54:14,851](ERROR)report : 异常,标题字段不存在,字段名称:physical_reads
[2017-10-25 15:54:14,851](ERROR)report : 异常,标题字段不存在,字段名称:executions
[2017-10-25 15:54:14,851](ERROR)report : 异常,标题字段不存在,字段名称:reads_per_exec
[2017-10-25 15:54:14,851](ERROR)report : 异常,标题字段不存在,字段名称:physical_read_per_total
[2017-10-25 15:54:14,851](ERROR)report : 异常,标题字段不存在,字段名称:physical_read_cpu_time
[2017-10-25 15:54:14,851](ERROR)report : 异常,标题字段不存在,字段名称:physical_read_elapsed_time
[2017-10-25 15:54:14,851](ERROR)report : 异常,标题字段不存在,字段名称:sql_id
[2017-10-25 15:54:14,851](ERROR)report : 异常,标题字段不存在,字段名称:sql_module
[2017-10-25 15:54:14,851](ERROR)report : 异常,标题字段不存在,字段名称:sql_text
[2017-10-25 15:54:14,880](ERROR)report : 异常,标题字段不存在,字段名称:buffer_gets
[2017-10-25 15:54:14,881](ERROR)report : 异常,标题字段不存在,字段名称:executions
[2017-10-25 15:54:14,881](ERROR)report : 异常,标题字段不存在,字段名称:reads_per_exec
[2017-10-25 15:54:14,881](ERROR)report : 异常,标题字段不存在,字段名称:logical_read_per_total
[2017-10-25 15:54:14,881](ERROR)report : 异常,标题字段不存在,字段名称:logical_read_cpu_time
[2017-10-25 15:54:14,882](ERROR)report : 异常,标题字段不存在,字段名称:logical_read_elapsed_time
[2017-10-25 15:54:14,882](ERROR)report : 异常,标题字段不存在,字段名称:sql_id
[2017-10-25 15:54:14,882](ERROR)report : 异常,标题字段不存在,字段名称:sql_module
[2017-10-25 15:54:14,882](ERROR)report : 异常,标题字段不存在,字段名称:sql_text
[2017-10-25 15:54:14,910](INFO)report : 生成execl文件,结束
[2017-10-25 15:54:14,911](INFO)report : 打包并发送数据,开始
[2017-10-25 15:54:14,913](INFO)report : 创建压缩文件:D:\compayGitHub\topSQLmonitor\zipDir\report_20171025.zip
[2017-10-25 15:54:15,012](INFO)report : 压缩结束
[2017-10-25 15:54:15,013](INFO)report : send mail starting....
[2017-10-25 15:54:15,440](INFO)report : send mail end.
[2017-10-25 15:54:15,440](INFO)report : 打包并发送数据,结束
[2017-10-25 15:55:46,528](INFO)report : 开始
[2017-10-25 15:55:46,542](INFO)report : 删除报表数据目录,完成
[2017-10-25 15:55:46,694](INFO)report : 成功获取dbid:3772574631
[2017-10-25 15:55:46,694](INFO)report : 成功获取inst_num:1
[2017-10-25 15:55:47,211](INFO)report : 成功获取beg_snap:8951
[2017-10-25 15:55:47,213](INFO)report : 成功获取end_snap:9096
[2017-10-25 15:55:48,109](INFO)report : 生成execl文件，开始
[2017-10-25 15:55:48,111](ERROR)report : 异常,标题字段不存在,字段名称:elapsed_time
[2017-10-25 15:55:48,111](ERROR)report : 异常,标题字段不存在,字段名称:cpu_time
[2017-10-25 15:55:48,111](ERROR)report : 异常,标题字段不存在,字段名称:executions
[2017-10-25 15:55:48,111](ERROR)report : 异常,标题字段不存在,字段名称:elapsed_time_per_exec
[2017-10-25 15:55:48,111](ERROR)report : 异常,标题字段不存在,字段名称:elapsed_time_per_total
[2017-10-25 15:55:48,111](ERROR)report : 异常,标题字段不存在,字段名称:sql_id
[2017-10-25 15:55:48,111](ERROR)report : 异常,标题字段不存在,字段名称:sql_module
[2017-10-25 15:55:48,111](ERROR)report : 异常,标题字段不存在,字段名称:sql_text
[2017-10-25 15:55:48,167](ERROR)report : 异常,标题字段不存在,字段名称:cpu_time
[2017-10-25 15:55:48,167](ERROR)report : 异常,标题字段不存在,字段名称:elapsed_time
[2017-10-25 15:55:48,168](ERROR)report : 异常,标题字段不存在,字段名称:executions
[2017-10-25 15:55:48,168](ERROR)report : 异常,标题字段不存在,字段名称:cpu_time_per_exec
[2017-10-25 15:55:48,168](ERROR)report : 异常,标题字段不存在,字段名称:elapsed_time_per_total
[2017-10-25 15:55:48,168](ERROR)report : 异常,标题字段不存在,字段名称:sql_id
[2017-10-25 15:55:48,168](ERROR)report : 异常,标题字段不存在,字段名称:sql_module
[2017-10-25 15:55:48,168](ERROR)report : 异常,标题字段不存在,字段名称:sql_text
[2017-10-25 15:55:48,210](ERROR)report : 异常,标题字段不存在,字段名称:physical_reads
[2017-10-25 15:55:48,210](ERROR)report : 异常,标题字段不存在,字段名称:executions
[2017-10-25 15:55:48,210](ERROR)report : 异常,标题字段不存在,字段名称:reads_per_exec
[2017-10-25 15:55:48,210](ERROR)report : 异常,标题字段不存在,字段名称:physical_read_per_total
[2017-10-25 15:55:48,211](ERROR)report : 异常,标题字段不存在,字段名称:physical_read_cpu_time
[2017-10-25 15:55:48,211](ERROR)report : 异常,标题字段不存在,字段名称:physical_read_elapsed_time
[2017-10-25 15:55:48,211](ERROR)report : 异常,标题字段不存在,字段名称:sql_id
[2017-10-25 15:55:48,211](ERROR)report : 异常,标题字段不存在,字段名称:sql_module
[2017-10-25 15:55:48,211](ERROR)report : 异常,标题字段不存在,字段名称:sql_text
[2017-10-25 15:55:48,237](ERROR)report : 异常,标题字段不存在,字段名称:buffer_gets
[2017-10-25 15:55:48,237](ERROR)report : 异常,标题字段不存在,字段名称:executions
[2017-10-25 15:55:48,239](ERROR)report : 异常,标题字段不存在,字段名称:reads_per_exec
[2017-10-25 15:55:48,239](ERROR)report : 异常,标题字段不存在,字段名称:logical_read_per_total
[2017-10-25 15:55:48,239](ERROR)report : 异常,标题字段不存在,字段名称:logical_read_cpu_time
[2017-10-25 15:55:48,239](ERROR)report : 异常,标题字段不存在,字段名称:logical_read_elapsed_time
[2017-10-25 15:55:48,239](ERROR)report : 异常,标题字段不存在,字段名称:sql_id
[2017-10-25 15:55:48,239](ERROR)report : 异常,标题字段不存在,字段名称:sql_module
[2017-10-25 15:55:48,239](ERROR)report : 异常,标题字段不存在,字段名称:sql_text
[2017-10-25 15:55:48,269](INFO)report : 生成execl文件,结束
[2017-10-25 15:55:48,269](INFO)report : 打包并发送数据,开始
[2017-10-25 15:55:48,275](INFO)report : 存在相同压缩文件名，删除历史数据:D:\compayGitHub\topSQLmonitor\zipDir\report_20171025.zip
[2017-10-25 15:55:48,275](INFO)report : 创建压缩文件:D:\compayGitHub\topSQLmonitor\zipDir\report_20171025.zip
[2017-10-25 15:55:48,378](INFO)report : 压缩结束
[2017-10-25 15:55:48,378](INFO)report : send mail starting....
[2017-10-25 15:55:49,194](INFO)report : send mail end.
[2017-10-25 15:55:49,194](INFO)report : 打包并发送数据,结束
[2017-10-25 16:04:31,125](INFO)report : 开始
[2017-10-25 16:04:31,137](INFO)report : 删除报表数据目录,完成
[2017-10-25 16:04:31,483](INFO)report : 成功获取dbid:3772574631
[2017-10-25 16:04:31,484](INFO)report : 成功获取inst_num:1
[2017-10-25 16:04:32,040](INFO)report : 成功获取beg_snap:8952
[2017-10-25 16:04:32,040](INFO)report : 成功获取end_snap:9097
[2017-10-25 16:04:32,997](INFO)report : 生成execl文件，开始
[2017-10-25 16:04:32,999](ERROR)report : 异常,标题字段不存在,字段名称:elapsed_time
[2017-10-25 16:04:32,999](ERROR)report : 异常,标题字段不存在,字段名称:cpu_time
[2017-10-25 16:04:32,999](ERROR)report : 异常,标题字段不存在,字段名称:executions
[2017-10-25 16:04:32,999](ERROR)report : 异常,标题字段不存在,字段名称:elapsed_time_per_exec
[2017-10-25 16:04:33,000](ERROR)report : 异常,标题字段不存在,字段名称:elapsed_time_per_total
[2017-10-25 16:04:33,000](ERROR)report : 异常,标题字段不存在,字段名称:sql_id
[2017-10-25 16:04:33,000](ERROR)report : 异常,标题字段不存在,字段名称:sql_module
[2017-10-25 16:04:33,000](ERROR)report : 异常,标题字段不存在,字段名称:sql_text
[2017-10-25 16:04:33,059](ERROR)report : 异常,标题字段不存在,字段名称:cpu_time
[2017-10-25 16:04:33,059](ERROR)report : 异常,标题字段不存在,字段名称:elapsed_time
[2017-10-25 16:04:33,059](ERROR)report : 异常,标题字段不存在,字段名称:executions
[2017-10-25 16:04:33,059](ERROR)report : 异常,标题字段不存在,字段名称:cpu_time_per_exec
[2017-10-25 16:04:33,059](ERROR)report : 异常,标题字段不存在,字段名称:elapsed_time_per_total
[2017-10-25 16:04:33,059](ERROR)report : 异常,标题字段不存在,字段名称:sql_id
[2017-10-25 16:04:33,059](ERROR)report : 异常,标题字段不存在,字段名称:sql_module
[2017-10-25 16:04:33,059](ERROR)report : 异常,标题字段不存在,字段名称:sql_text
[2017-10-25 16:04:33,099](ERROR)report : 异常,标题字段不存在,字段名称:physical_reads
[2017-10-25 16:04:33,099](ERROR)report : 异常,标题字段不存在,字段名称:executions
[2017-10-25 16:04:33,099](ERROR)report : 异常,标题字段不存在,字段名称:reads_per_exec
[2017-10-25 16:04:33,099](ERROR)report : 异常,标题字段不存在,字段名称:physical_read_per_total
[2017-10-25 16:04:33,099](ERROR)report : 异常,标题字段不存在,字段名称:physical_read_cpu_time
[2017-10-25 16:04:33,099](ERROR)report : 异常,标题字段不存在,字段名称:physical_read_elapsed_time
[2017-10-25 16:04:33,101](ERROR)report : 异常,标题字段不存在,字段名称:sql_id
[2017-10-25 16:04:33,101](ERROR)report : 异常,标题字段不存在,字段名称:sql_module
[2017-10-25 16:04:33,101](ERROR)report : 异常,标题字段不存在,字段名称:sql_text
[2017-10-25 16:04:33,128](ERROR)report : 异常,标题字段不存在,字段名称:buffer_gets
[2017-10-25 16:04:33,128](ERROR)report : 异常,标题字段不存在,字段名称:executions
[2017-10-25 16:04:33,128](ERROR)report : 异常,标题字段不存在,字段名称:reads_per_exec
[2017-10-25 16:04:33,128](ERROR)report : 异常,标题字段不存在,字段名称:logical_read_per_total
[2017-10-25 16:04:33,128](ERROR)report : 异常,标题字段不存在,字段名称:logical_read_cpu_time
[2017-10-25 16:04:33,128](ERROR)report : 异常,标题字段不存在,字段名称:logical_read_elapsed_time
[2017-10-25 16:04:33,128](ERROR)report : 异常,标题字段不存在,字段名称:sql_id
[2017-10-25 16:04:33,128](ERROR)report : 异常,标题字段不存在,字段名称:sql_module
[2017-10-25 16:04:33,130](ERROR)report : 异常,标题字段不存在,字段名称:sql_text
[2017-10-25 16:04:33,157](INFO)report : 生成execl文件,结束
[2017-10-25 16:04:33,158](INFO)report : 打包并发送数据,开始
[2017-10-25 16:04:33,161](INFO)report : 存在相同压缩文件名，删除历史数据:D:\compayGitHub\topSQLmonitor\zipDir\report_20171025.zip
[2017-10-25 16:04:33,161](INFO)report : 创建压缩文件:D:\compayGitHub\topSQLmonitor\zipDir\report_20171025.zip
[2017-10-25 16:04:33,259](INFO)report : 压缩结束
[2017-10-25 16:04:33,259](INFO)report : send mail starting....
[2017-10-25 16:04:33,721](INFO)report : send mail end.
[2017-10-25 16:04:33,723](INFO)report : 打包并发送数据,结束
[2017-10-25 16:14:17,305](INFO)report : 开始
[2017-10-25 16:14:17,323](INFO)report : 删除报表数据目录,完成
[2017-10-25 16:14:17,470](INFO)report : 成功获取dbid:3772574631
[2017-10-25 16:14:17,470](INFO)report : 成功获取inst_num:1
[2017-10-25 16:14:17,990](INFO)report : 成功获取beg_snap:8952
[2017-10-25 16:14:17,990](INFO)report : 成功获取end_snap:9097
[2017-10-25 16:14:18,937](INFO)report : 生成execl文件，开始
[2017-10-25 16:14:19,072](INFO)report : 生成execl文件,结束
[2017-10-25 16:14:19,072](INFO)report : 打包并发送数据,开始
[2017-10-25 16:14:19,075](INFO)report : 存在相同压缩文件名，删除历史数据:D:\compayGitHub\topSQLmonitor\zipDir\report_20171025.zip
[2017-10-25 16:14:19,075](INFO)report : 创建压缩文件:D:\compayGitHub\topSQLmonitor\zipDir\report_20171025.zip
[2017-10-25 16:14:19,184](INFO)report : 压缩结束
[2017-10-25 16:14:19,184](INFO)report : send mail starting....
[2017-10-25 16:14:19,638](INFO)report : send mail end.
[2017-10-25 16:14:19,638](INFO)report : 打包并发送数据,结束
[2017-10-25 16:38:09,907](INFO)report : 开始
[2017-10-25 16:38:09,924](INFO)report : 删除报表数据目录,完成
[2017-10-25 16:38:10,079](INFO)report : 成功获取dbid:3772574631
[2017-10-25 16:38:10,079](INFO)report : 成功获取inst_num:1
[2017-10-25 16:38:10,578](INFO)report : 成功获取beg_snap:8952
[2017-10-25 16:38:10,578](INFO)report : 成功获取end_snap:9097
[2017-10-25 16:38:11,483](INFO)report : 生成execl文件，开始
[2017-10-25 16:38:11,608](INFO)report : 生成execl文件,结束
[2017-10-25 16:38:11,608](INFO)report : 打包并发送数据,开始
[2017-10-25 16:38:11,624](INFO)report : 存在相同压缩文件名，删除历史数据:D:\compayGitHub\topSQLmonitor\zipDir\report_20171025.zip
[2017-10-25 16:38:11,624](INFO)report : 创建压缩文件:D:\compayGitHub\topSQLmonitor\zipDir\report_20171025.zip
[2017-10-25 16:38:11,717](INFO)report : 压缩结束
[2017-10-25 16:38:11,717](INFO)report : send mail starting....
[2017-10-25 16:38:12,082](INFO)report : send mail end.
[2017-10-25 16:38:12,096](INFO)report : 打包并发送数据,结束
[2017-10-25 16:42:09,921](INFO)report : 开始
[2017-10-25 16:42:09,936](INFO)report : 删除报表数据目录,完成
[2017-10-25 16:42:10,076](INFO)report : 成功获取dbid:3772574631
[2017-10-25 16:42:10,076](INFO)report : 成功获取inst_num:1
[2017-10-25 16:42:10,607](INFO)report : 成功获取beg_snap:8952
[2017-10-25 16:42:10,607](INFO)report : 成功获取end_snap:9097
[2017-10-25 16:42:11,605](INFO)report : 生成execl文件，开始
[2017-10-25 16:42:11,746](INFO)report : 生成execl文件,结束
[2017-10-25 16:42:11,746](INFO)report : 打包并发送数据,开始
[2017-10-25 16:42:11,746](INFO)report : 存在相同压缩文件名，删除历史数据:D:\compayGitHub\topSQLmonitor\zipDir\report_20171025.zip
[2017-10-25 16:42:11,746](INFO)report : 创建压缩文件:D:\compayGitHub\topSQLmonitor\zipDir\report_20171025.zip
[2017-10-25 16:42:11,839](INFO)report : 压缩结束
[2017-10-25 16:42:11,839](INFO)report : send mail starting....
[2017-10-25 16:42:12,338](INFO)report : send mail end.
[2017-10-25 16:42:12,338](INFO)report : 打包并发送数据,结束
