[2017-10-11 17:23:11,254](INFO)report : 开始
[2017-10-23 10:47:48,288](INFO)report : 开始
[2017-10-23 10:49:51,695](INFO)report : 开始
[2017-10-23 11:18:14,963](INFO)report : 开始
[2017-10-23 11:24:06,649](INFO)report : 开始
[2017-10-23 11:32:35,548](INFO)report : 开始
[2017-10-23 05:43:24,182](INFO)report : 开始
[2017-10-23 14:11:49,660](INFO)report : 开始
[2017-10-23 06:29:20,848](INFO)report : 开始
[2017-10-23 06:35:44,465](INFO)report : 开始
[2017-10-23 06:37:21,900](INFO)report : 生成excel文件，开始
[2017-10-23 06:37:42,485](INFO)report : 开始
[2017-10-23 06:39:15,194](INFO)report : 生成excel文件，开始
[2017-10-23 06:39:15,195](INFO)report : 删除报表数据目录,完成
[2017-10-23 06:39:15,195](ERROR)report : 异常,标题字段不存在,字段名称:'VELOCITY_CSN_NO'
[2017-10-23 06:39:15,196](ERROR)report : 异常,标题字段不存在,字段名称:COUNT(1)
[2017-10-23 06:39:15,221](INFO)report : 删除报表数据目录,完成
[2017-10-23 06:39:15,221](ERROR)report : 异常,标题字段不存在,字段名称:'VELOCITY_CSN_NO'
[2017-10-23 06:39:15,221](ERROR)report : 异常,标题字段不存在,字段名称:COUNT(1)
[2017-10-23 06:39:15,230](INFO)report : 生成execl文件,结束
[2017-10-23 06:39:15,230](INFO)report : 打包并发送数据,开始
[2017-10-23 06:39:15,231](INFO)report : 临时目录不存在创建临时目录:/opt/monitor/zipDir
[2017-10-23 06:39:15,231](INFO)report : 创建压缩文件:/opt/monitor/zipDir/report_20171023.zip
[2017-10-23 06:39:15,240](INFO)report : 压缩结束
[2017-10-23 06:41:22,574](INFO)report : 打包并发送数据,结束
[2017-10-23 06:57:00,917](INFO)report : 开始
[2017-10-23 06:58:35,385](INFO)report : 生成excel文件，开始
[2017-10-23 06:58:35,386](INFO)report : 删除报表数据目录,完成
[2017-10-23 06:58:35,386](ERROR)report : 异常,标题字段不存在,字段名称:'VELOCITY_CSN_NO'
[2017-10-23 06:58:35,387](ERROR)report : 异常,标题字段不存在,字段名称:COUNT(1)
[2017-10-23 06:58:35,399](INFO)report : 删除报表数据目录,完成
[2017-10-23 06:58:35,399](ERROR)report : 异常,标题字段不存在,字段名称:'VELOCITY_CSN_NO'
[2017-10-23 06:58:35,399](ERROR)report : 异常,标题字段不存在,字段名称:COUNT(1)
[2017-10-23 06:58:35,407](INFO)report : 生成execl文件,结束
[2017-10-23 06:58:35,408](INFO)report : 打包并发送数据,开始
[2017-10-23 06:58:35,408](INFO)report : 存在相同压缩文件名，删除历史数据:/opt/monitor/zipDir/report_20171023.zip
[2017-10-23 06:58:35,408](INFO)report : 创建压缩文件:/opt/monitor/zipDir/report_20171023.zip
[2017-10-23 06:58:35,419](INFO)report : 压缩结束
[2017-10-23 07:00:42,638](INFO)report : 打包并发送数据,结束
[2017-10-23 07:06:22,695](INFO)report : 开始
[2017-10-23 07:06:22,696](INFO)report : 生成excel文件，开始
[2017-10-23 07:06:22,696](INFO)report : 生成execl文件,结束
[2017-10-23 07:06:22,696](INFO)report : 打包并发送数据,开始
[2017-10-23 07:06:22,697](INFO)report : 存在相同压缩文件名，删除历史数据:/opt/monitor/zipDir/report_20171023.zip
[2017-10-23 07:06:22,697](INFO)report : 创建压缩文件:/opt/monitor/zipDir/report_20171023.zip
[2017-10-23 07:06:22,703](INFO)report : 压缩结束
[2017-10-23 07:08:29,966](INFO)report : 打包并发送数据,结束
[2017-10-23 07:09:45,890](INFO)report : 开始
[2017-10-23 07:09:45,890](INFO)report : 生成excel文件，开始
[2017-10-23 07:09:45,890](INFO)report : 生成execl文件,结束
[2017-10-23 07:09:45,891](INFO)report : 打包并发送数据,开始
[2017-10-23 07:09:45,891](INFO)report : 存在相同压缩文件名，删除历史数据:/opt/monitor/zipDir/report_20171023.zip
[2017-10-23 07:09:45,891](INFO)report : 创建压缩文件:/opt/monitor/zipDir/report_20171023.zip
[2017-10-23 07:09:45,900](INFO)report : 压缩结束
[2017-10-23 07:09:45,901](INFO)report : send mail starting....
[2017-10-23 07:11:53,230](INFO)report : send mail end.
[2017-10-23 07:11:53,231](INFO)report : 打包并发送数据,结束
[2017-10-23 07:13:00,949](INFO)report : 开始
[2017-10-23 07:13:00,949](INFO)report : 生成excel文件，开始
[2017-10-23 07:13:00,949](INFO)report : 生成execl文件,结束
[2017-10-23 07:13:00,949](INFO)report : 打包并发送数据,开始
[2017-10-23 07:13:00,950](INFO)report : 存在相同压缩文件名，删除历史数据:/opt/monitor/zipDir/report_20171023.zip
[2017-10-23 07:13:00,950](INFO)report : 创建压缩文件:/opt/monitor/zipDir/report_20171023.zip
[2017-10-23 07:13:00,959](INFO)report : 压缩结束
[2017-10-23 07:13:00,960](INFO)report : send mail starting....
[2017-10-23 07:15:08,174](INFO)report : send mail end.
[2017-10-23 07:15:08,175](INFO)report : 打包并发送数据,结束
[2017-10-23 07:16:41,938](INFO)report : 开始
[2017-10-23 07:16:41,938](INFO)report : 生成excel文件，开始
[2017-10-23 07:16:41,939](INFO)report : 生成execl文件,结束
[2017-10-23 07:16:41,939](INFO)report : 打包并发送数据,开始
[2017-10-23 07:16:41,939](INFO)report : 存在相同压缩文件名，删除历史数据:/opt/monitor/zipDir/report_20171023.zip
[2017-10-23 07:16:41,940](INFO)report : 创建压缩文件:/opt/monitor/zipDir/report_20171023.zip
[2017-10-23 07:16:41,949](INFO)report : 压缩结束
[2017-10-23 07:16:41,950](INFO)report : send mail starting....
[2017-10-23 07:18:49,230](INFO)report : send mail end.
[2017-10-23 07:18:49,230](INFO)report : 打包并发送数据,结束
[2017-10-23 17:13:39,746](INFO)report : 开始
[2017-10-23 17:13:39,746](INFO)report : 生成excel文件，开始
[2017-10-23 17:13:39,746](INFO)report : 生成execl文件,结束
[2017-10-23 17:13:39,747](INFO)report : 打包并发送数据,开始
[2017-10-23 17:13:39,747](INFO)report : 存在相同压缩文件名，删除历史数据:/opt/monitor/zipDir/report_20171023.zip
[2017-10-23 17:13:39,747](INFO)report : 创建压缩文件:/opt/monitor/zipDir/report_20171023.zip
[2017-10-23 17:13:39,757](INFO)report : 压缩结束
[2017-10-23 17:13:39,758](INFO)report : send mail starting....
[2017-10-23 17:15:46,958](INFO)report : send mail end.
[2017-10-23 17:15:46,958](INFO)report : 打包并发送数据,结束
[2017-10-23 17:17:09,342](INFO)report : 开始
[2017-10-23 17:17:09,342](INFO)report : 生成excel文件，开始
[2017-10-23 17:17:09,342](INFO)report : 生成execl文件,结束
[2017-10-23 17:17:09,342](INFO)report : 打包并发送数据,开始
[2017-10-23 17:17:09,343](INFO)report : 存在相同压缩文件名，删除历史数据:/opt/monitor/zipDir/report_20171023.zip
[2017-10-23 17:17:09,343](INFO)report : 创建压缩文件:/opt/monitor/zipDir/report_20171023.zip
[2017-10-23 17:17:09,351](INFO)report : 压缩结束
[2017-10-23 17:17:09,351](INFO)report : send mail starting....
[2017-10-23 17:19:16,622](INFO)report : send mail end.
[2017-10-23 17:19:16,623](INFO)report : 打包并发送数据,结束
[2017-10-23 17:40:58,111](INFO)report : 开始
[2017-10-23 17:40:58,111](INFO)report : 生成excel文件，开始
[2017-10-23 17:40:58,111](INFO)report : 生成execl文件,结束
[2017-10-23 17:40:58,111](INFO)report : 打包并发送数据,开始
[2017-10-23 17:40:58,112](INFO)report : 存在相同压缩文件名，删除历史数据:/opt/monitor/zipDir/report_20171023.zip
[2017-10-23 17:40:58,112](INFO)report : 创建压缩文件:/opt/monitor/zipDir/report_20171023.zip
[2017-10-23 17:40:58,121](INFO)report : 压缩结束
[2017-10-23 17:40:58,123](INFO)report : send mail starting....
[2017-10-23 17:41:03,134](INFO)report : send mail end.
[2017-10-23 17:41:03,134](INFO)report : 打包并发送数据,结束
[2017-10-23 17:44:45,011](INFO)report : 开始
[2017-10-23 17:44:45,011](INFO)report : 生成excel文件，开始
[2017-10-23 17:44:45,011](INFO)report : 生成execl文件,结束
[2017-10-23 17:44:45,012](INFO)report : 打包并发送数据,开始
[2017-10-23 17:44:45,012](INFO)report : 存在相同压缩文件名，删除历史数据:/opt/monitor/zipDir/report_20171023.zip
[2017-10-23 17:44:45,012](INFO)report : 创建压缩文件:/opt/monitor/zipDir/report_20171023.zip
[2017-10-23 17:44:45,023](INFO)report : 压缩结束
[2017-10-23 17:44:45,023](INFO)report : send mail starting....
[2017-10-23 17:44:45,028](INFO)report : send mail end.
[2017-10-23 17:44:45,028](INFO)report : 打包并发送数据,结束
[2017-10-23 17:46:05,489](INFO)report : 开始
[2017-10-23 17:46:05,489](INFO)report : 生成excel文件，开始
[2017-10-23 17:46:05,489](INFO)report : 生成execl文件,结束
[2017-10-23 17:46:05,489](INFO)report : 打包并发送数据,开始
[2017-10-23 17:46:05,490](INFO)report : 存在相同压缩文件名，删除历史数据:/opt/monitor/zipDir/report_20171023.zip
[2017-10-23 17:46:05,490](INFO)report : 创建压缩文件:/opt/monitor/zipDir/report_20171023.zip
[2017-10-23 17:46:05,500](INFO)report : 压缩结束
[2017-10-23 17:46:05,501](INFO)report : send mail starting....
[2017-10-23 17:46:05,506](INFO)report : send mail end.
[2017-10-23 17:46:05,506](INFO)report : 打包并发送数据,结束
[2017-10-24 10:43:12,339](INFO)report : 开始
[2017-10-24 10:43:12,339](INFO)report : 生成excel文件，开始
[2017-10-24 10:43:12,340](INFO)report : 生成execl文件,结束
[2017-10-24 10:43:12,340](INFO)report : 打包并发送数据,开始
[2017-10-24 10:43:12,340](INFO)report : 创建压缩文件:/opt/monitor/zipDir/report_20171024.zip
[2017-10-24 10:43:12,348](INFO)report : 压缩结束
[2017-10-24 10:43:12,349](INFO)report : send mail starting....
[2017-10-24 10:43:12,369](INFO)report : send mail end.
[2017-10-24 10:43:12,369](INFO)report : 打包并发送数据,结束
[2017-10-24 10:47:45,951](INFO)report : 开始
[2017-10-24 10:47:45,951](INFO)report : 生成excel文件，开始
[2017-10-24 10:47:45,951](INFO)report : 生成execl文件,结束
[2017-10-24 10:47:45,952](INFO)report : 打包并发送数据,开始
[2017-10-24 10:47:45,952](INFO)report : 存在相同压缩文件名，删除历史数据:/opt/monitor/zipDir/report_20171024.zip
[2017-10-24 10:47:45,952](INFO)report : 创建压缩文件:/opt/monitor/zipDir/report_20171024.zip
[2017-10-24 10:47:45,961](INFO)report : 压缩结束
[2017-10-24 10:47:45,961](INFO)report : send mail starting....
[2017-10-24 10:47:46,002](INFO)report : send mail end.
[2017-10-24 10:47:46,002](INFO)report : 打包并发送数据,结束
[2017-10-24 10:48:34,801](INFO)report : 开始
[2017-10-24 10:48:34,802](INFO)report : 生成excel文件，开始
[2017-10-24 10:48:34,802](INFO)report : 生成execl文件,结束
[2017-10-24 10:48:34,802](INFO)report : 打包并发送数据,开始
[2017-10-24 10:48:34,802](INFO)report : 存在相同压缩文件名，删除历史数据:/opt/monitor/zipDir/report_20171024.zip
[2017-10-24 10:48:34,803](INFO)report : 创建压缩文件:/opt/monitor/zipDir/report_20171024.zip
[2017-10-24 10:48:34,811](INFO)report : 压缩结束
[2017-10-24 10:48:34,811](INFO)report : send mail starting....
[2017-10-24 10:48:34,828](INFO)report : send mail end.
[2017-10-24 10:48:34,828](INFO)report : 打包并发送数据,结束
[2017-10-24 10:51:55,619](INFO)report : 开始
[2017-10-24 10:51:55,619](INFO)report : 生成excel文件，开始
[2017-10-24 10:51:55,619](INFO)report : 生成execl文件,结束
[2017-10-24 10:51:55,619](INFO)report : 打包并发送数据,开始
[2017-10-24 10:51:55,620](INFO)report : 存在相同压缩文件名，删除历史数据:/opt/monitor/zipDir/report_20171024.zip
[2017-10-24 10:51:55,620](INFO)report : 创建压缩文件:/opt/monitor/zipDir/report_20171024.zip
[2017-10-24 10:51:55,630](INFO)report : 压缩结束
[2017-10-24 10:51:55,631](INFO)report : send mail starting....
[2017-10-24 10:51:55,685](INFO)report : send mail end.
[2017-10-24 10:51:55,685](INFO)report : 打包并发送数据,结束
[2017-10-24 10:52:23,117](INFO)report : 开始
[2017-10-24 10:52:23,118](INFO)report : 生成excel文件，开始
[2017-10-24 10:52:23,118](INFO)report : 生成execl文件,结束
[2017-10-24 10:52:23,118](INFO)report : 打包并发送数据,开始
[2017-10-24 10:52:23,118](INFO)report : 存在相同压缩文件名，删除历史数据:/opt/monitor/zipDir/report_20171024.zip
[2017-10-24 10:52:23,119](INFO)report : 创建压缩文件:/opt/monitor/zipDir/report_20171024.zip
[2017-10-24 10:52:23,128](INFO)report : 压缩结束
[2017-10-24 10:52:23,129](INFO)report : send mail starting....
[2017-10-24 10:52:23,147](INFO)report : send mail end.
[2017-10-24 10:52:23,147](INFO)report : 打包并发送数据,结束
[2017-10-24 10:53:08,262](INFO)report : 开始
[2017-10-24 10:53:08,263](INFO)report : 生成excel文件，开始
[2017-10-24 10:53:08,263](INFO)report : 生成execl文件,结束
[2017-10-24 10:53:08,263](INFO)report : 打包并发送数据,开始
[2017-10-24 10:53:08,263](INFO)report : 存在相同压缩文件名，删除历史数据:/opt/monitor/zipDir/report_20171024.zip
[2017-10-24 10:53:08,263](INFO)report : 创建压缩文件:/opt/monitor/zipDir/report_20171024.zip
[2017-10-24 10:53:08,271](INFO)report : 压缩结束
[2017-10-24 10:53:08,271](INFO)report : send mail starting....
[2017-10-24 10:53:08,288](INFO)report : send mail end.
[2017-10-24 10:53:08,288](INFO)report : 打包并发送数据,结束
[2017-10-24 10:53:33,915](INFO)report : 开始
[2017-10-24 10:53:33,916](INFO)report : 生成excel文件，开始
[2017-10-24 10:53:33,916](INFO)report : 生成execl文件,结束
[2017-10-24 10:53:33,916](INFO)report : 打包并发送数据,开始
[2017-10-24 10:53:33,916](INFO)report : 存在相同压缩文件名，删除历史数据:/opt/monitor/zipDir/report_20171024.zip
[2017-10-24 10:53:33,917](INFO)report : 创建压缩文件:/opt/monitor/zipDir/report_20171024.zip
[2017-10-24 10:53:33,925](INFO)report : 压缩结束
[2017-10-24 10:53:33,926](INFO)report : send mail starting....
[2017-10-24 10:53:33,943](INFO)report : send mail end.
[2017-10-24 10:53:33,944](INFO)report : 打包并发送数据,结束
[2017-10-24 10:54:28,097](INFO)report : 开始
[2017-10-24 02:58:28,576](INFO)report : 开始
[2017-10-24 02:58:39,480](INFO)report : 开始
[2017-10-24 10:58:59,147](INFO)report : 开始
[2017-10-24 13:41:05,046](INFO)report : 开始
[2017-10-24 13:42:38,859](INFO)report : 开始
[2017-10-24 14:00:12,876](INFO)report : 开始
[2017-10-24 14:02:07,357](INFO)report : 开始
[2017-10-24 14:11:53,078](INFO)report : 开始
[2017-10-24 14:19:43,446](INFO)report : 开始
[2017-10-24 14:29:52,567](INFO)report : 生成excel文件，开始
[2017-10-24 14:29:52,568](INFO)report : 删除报表数据目录,完成
[2017-10-24 14:29:52,568](ERROR)report : 异常,标题字段不存在,字段名称:'VELOCITY_CSN_NO'
[2017-10-24 14:29:52,568](ERROR)report : 异常,标题字段不存在,字段名称:COUNT(1)
[2017-10-24 14:29:52,580](INFO)report : 删除报表数据目录,完成
[2017-10-24 14:29:52,581](ERROR)report : 异常,标题字段不存在,字段名称:'VELOCITY_CSN_NO'
[2017-10-24 14:29:52,581](ERROR)report : 异常,标题字段不存在,字段名称:COUNT(1)
[2017-10-24 14:29:52,589](INFO)report : 生成execl文件,结束
[2017-10-24 14:29:52,589](INFO)report : 打包并发送数据,开始
[2017-10-24 14:29:52,589](INFO)report : 存在相同压缩文件名，删除历史数据:/opt/monitor/zipDir/report_20171024.zip
[2017-10-24 14:29:52,590](INFO)report : 创建压缩文件:/opt/monitor/zipDir/report_20171024.zip
[2017-10-24 14:29:52,599](INFO)report : 压缩结束
[2017-10-24 14:29:52,599](INFO)report : send mail starting....
[2017-10-24 14:29:52,639](INFO)report : send mail end.
[2017-10-24 14:29:52,639](INFO)report : 打包并发送数据,结束
[2017-10-24 14:39:57,683](INFO)report : 开始
[2017-10-24 14:41:33,818](INFO)report : 生成excel文件，开始
[2017-10-24 14:41:33,819](INFO)report : 删除报表数据目录,完成
[2017-10-24 14:41:33,820](ERROR)report : 异常,标题字段不存在,字段名称:'VELOCITY_CSN_NO'
[2017-10-24 14:41:33,820](ERROR)report : 异常,标题字段不存在,字段名称:COUNT(1)
[2017-10-24 14:41:33,835](INFO)report : 删除报表数据目录,完成
[2017-10-24 14:41:33,836](ERROR)report : 异常,标题字段不存在,字段名称:'VELOCITY_CSN_NO'
[2017-10-24 14:41:33,836](ERROR)report : 异常,标题字段不存在,字段名称:COUNT(1)
[2017-10-24 14:41:33,845](INFO)report : 生成execl文件,结束
[2017-10-24 14:41:33,845](INFO)report : 打包并发送数据,开始
[2017-10-24 14:41:33,846](INFO)report : 存在相同压缩文件名，删除历史数据:/opt/monitor/zipDir/report_20171024.zip
[2017-10-24 14:41:33,846](INFO)report : 创建压缩文件:/opt/monitor/zipDir/report_20171024.zip
[2017-10-24 14:41:33,854](INFO)report : 压缩结束
[2017-10-24 14:41:33,854](INFO)report : send mail starting....
[2017-10-24 14:41:33,894](INFO)report : send mail end.
[2017-10-24 14:41:33,895](INFO)report : 打包并发送数据,结束
[2017-10-24 15:08:53,388](INFO)report : 开始
[2017-10-24 15:10:22,361](INFO)report : 删除报表数据目录,完成
[2017-10-24 15:10:22,361](ERROR)report : 异常,标题字段不存在,字段名称:'VELOCITY_CSN_NO'
[2017-10-24 15:10:22,362](ERROR)report : 异常,标题字段不存在,字段名称:COUNT(1)
[2017-10-24 15:10:25,404](INFO)report : 删除报表数据目录,完成
[2017-10-24 15:10:25,405](ERROR)report : 异常,标题字段不存在,字段名称:'VELOCITY_CSN_NO'
[2017-10-24 15:10:25,405](ERROR)report : 异常,标题字段不存在,字段名称:COUNT(1)
[2017-10-24 15:16:05,936](INFO)report : 开始
[2017-10-24 15:17:34,968](INFO)report : 删除报表数据目录,完成
[2017-10-24 15:17:34,969](ERROR)report : 异常,标题字段不存在,字段名称:'VELOCITY_CSN_NO'
[2017-10-24 15:17:34,969](ERROR)report : 异常,标题字段不存在,字段名称:COUNT(1)
[2017-10-24 15:17:38,014](INFO)report : 删除报表数据目录,完成
[2017-10-24 15:17:38,014](ERROR)report : 异常,标题字段不存在,字段名称:'VELOCITY_CSN_NO'
[2017-10-24 15:17:38,014](ERROR)report : 异常,标题字段不存在,字段名称:COUNT(1)
[2017-10-24 15:17:38,052](INFO)report : 生成execl文件,结束
[2017-10-24 15:17:38,053](INFO)report : 打包并发送数据,开始
[2017-10-24 15:17:38,053](INFO)report : 存在相同压缩文件名，删除历史数据:/opt/monitor/zipDir/report_20171024.zip
[2017-10-24 15:17:38,053](INFO)report : 创建压缩文件:/opt/monitor/zipDir/report_20171024.zip
[2017-10-24 15:17:38,071](INFO)report : 压缩结束
[2017-10-24 15:17:38,072](INFO)report : send mail starting....
[2017-10-24 15:17:38,131](INFO)report : send mail end.
[2017-10-24 15:17:38,131](INFO)report : 打包并发送数据,结束
[2017-10-24 15:19:02,871](INFO)report : 开始
[2017-10-24 15:20:32,897](INFO)report : 删除报表数据目录,完成
[2017-10-24 15:20:32,897](ERROR)report : 异常,标题字段不存在,字段名称:'VELOCITY_CSN_NO'
[2017-10-24 15:20:32,898](ERROR)report : 异常,标题字段不存在,字段名称:COUNT(1)
[2017-10-24 15:20:32,940](INFO)report : 生成execl文件,结束
[2017-10-24 15:20:32,940](INFO)report : 打包并发送数据,开始
[2017-10-24 15:20:32,941](INFO)report : 存在相同压缩文件名，删除历史数据:/opt/monitor/zipDir/report_20171024.zip
[2017-10-24 15:20:32,941](INFO)report : 创建压缩文件:/opt/monitor/zipDir/report_20171024.zip
[2017-10-24 15:20:32,949](INFO)report : 压缩结束
[2017-10-24 15:20:32,949](INFO)report : send mail starting....
[2017-10-24 15:20:32,990](INFO)report : send mail end.
[2017-10-24 15:20:32,990](INFO)report : 打包并发送数据,结束
[2017-10-24 15:23:29,256](INFO)report : 开始
[2017-10-24 15:24:58,313](INFO)report : 删除报表数据目录,完成
[2017-10-24 15:24:58,314](ERROR)report : 异常,标题字段不存在,字段名称:'VELOCITY_CSN_NO'
[2017-10-24 15:24:58,314](ERROR)report : 异常,标题字段不存在,字段名称:COUNT(1)
[2017-10-24 15:25:01,314](INFO)report : 删除报表数据目录,完成
[2017-10-24 15:25:01,315](ERROR)report : 异常,标题字段不存在,字段名称:'VELOCITY_CSN_NO'
[2017-10-24 15:25:01,315](ERROR)report : 异常,标题字段不存在,字段名称:COUNT(1)
[2017-10-24 15:25:01,347](INFO)report : 生成execl文件,结束
[2017-10-24 15:25:01,347](INFO)report : 打包并发送数据,开始
[2017-10-24 15:25:01,348](INFO)report : 存在相同压缩文件名，删除历史数据:/opt/monitor/zipDir/report_20171024.zip
[2017-10-24 15:25:01,348](INFO)report : 创建压缩文件:/opt/monitor/zipDir/report_20171024.zip
[2017-10-24 15:25:01,356](INFO)report : 压缩结束
[2017-10-24 15:25:01,357](INFO)report : send mail starting....
[2017-10-24 15:25:01,397](INFO)report : send mail end.
[2017-10-24 15:25:01,397](INFO)report : 打包并发送数据,结束
[2017-10-24 15:36:55,822](INFO)report : 开始
[2017-10-24 15:38:25,088](INFO)report : 删除报表数据目录,完成
[2017-10-24 15:38:25,088](ERROR)report : 异常,标题字段不存在,字段名称:'VELOCITY_CSN_NO'
[2017-10-24 15:38:25,088](ERROR)report : 异常,标题字段不存在,字段名称:COUNT(1)
[2017-10-24 15:38:28,131](INFO)report : 删除报表数据目录,完成
[2017-10-24 15:38:28,131](ERROR)report : 异常,标题字段不存在,字段名称:'VELOCITY_CSN_NO'
[2017-10-24 15:38:28,132](ERROR)report : 异常,标题字段不存在,字段名称:COUNT(1)
[2017-10-24 15:38:28,146](INFO)report : 生成execl文件,结束
[2017-10-24 15:38:28,146](INFO)report : 打包并发送数据,开始
[2017-10-24 15:38:28,146](INFO)report : 存在相同压缩文件名，删除历史数据:/opt/monitor/zipDir/report_20171024.zip
[2017-10-24 15:38:28,147](INFO)report : 创建压缩文件:/opt/monitor/zipDir/report_20171024.zip
[2017-10-24 15:38:28,155](INFO)report : 压缩结束
[2017-10-24 15:38:28,156](INFO)report : send mail starting....
[2017-10-24 15:38:28,197](INFO)report : send mail end.
[2017-10-24 15:38:28,197](INFO)report : 打包并发送数据,结束
[2017-10-24 15:41:05,970](INFO)report : 开始
[2017-10-24 15:44:47,455](INFO)report : 开始
[2017-10-24 15:46:15,053](ERROR)report : 异常,标题字段不存在,字段名称:'VELOCITY_CSN_NO'
[2017-10-24 15:46:15,054](ERROR)report : 异常,标题字段不存在,字段名称:COUNT(1)
[2017-10-24 15:52:54,753](INFO)report : 开始
[2017-10-24 15:53:27,104](INFO)report : 开始
[2017-10-24 15:53:27,105](INFO)report : 删除报表数据目录,完成
[2017-10-24 15:54:55,344](ERROR)report : 异常,标题字段不存在,字段名称:'VELOCITY_CSN_NO'
[2017-10-24 15:54:55,344](ERROR)report : 异常,标题字段不存在,字段名称:COUNT(1)
[2017-10-24 15:54:58,315](ERROR)report : 异常,标题字段不存在,字段名称:'VELOCITY_CSN_NO'
[2017-10-24 15:54:58,315](ERROR)report : 异常,标题字段不存在,字段名称:COUNT(1)
[2017-10-24 15:54:58,326](INFO)report : 生成execl文件,结束
[2017-10-24 15:54:58,326](INFO)report : 打包并发送数据,开始
[2017-10-24 15:54:58,326](INFO)report : 存在相同压缩文件名，删除历史数据:/opt/monitor/zipDir/report_20171024.zip
[2017-10-24 15:54:58,326](INFO)report : 创建压缩文件:/opt/monitor/zipDir/report_20171024.zip
[2017-10-24 15:54:58,335](INFO)report : 压缩结束
[2017-10-24 15:54:58,335](INFO)report : send mail starting....
[2017-10-24 15:54:58,377](INFO)report : send mail end.
[2017-10-24 15:54:58,377](INFO)report : 打包并发送数据,结束
[2017-10-24 16:08:20,653](INFO)report : 开始
[2017-10-24 16:08:20,654](INFO)report : 删除报表数据目录,完成
[2017-10-24 16:09:52,214](ERROR)report : 异常,标题字段不存在,字段名称:'VELOCITY_CSN_NO'
[2017-10-24 16:09:52,215](ERROR)report : 异常,标题字段不存在,字段名称:COUNT(1)
[2017-10-24 16:09:55,225](ERROR)report : 异常,标题字段不存在,字段名称:'VELOCITY_CSN_NO'
[2017-10-24 16:09:55,225](ERROR)report : 异常,标题字段不存在,字段名称:COUNT(1)
[2017-10-24 16:11:40,229](ERROR)report : 异常,标题字段不存在,字段名称:'RSK_TRANS_LOG'
[2017-10-24 16:11:40,230](ERROR)report : 异常,标题字段不存在,字段名称:COUNT(1)
[2017-10-24 16:11:40,241](INFO)report : 生成execl文件,结束
[2017-10-24 16:11:40,241](INFO)report : 打包并发送数据,开始
[2017-10-24 16:11:40,242](INFO)report : 存在相同压缩文件名，删除历史数据:/opt/monitor/zipDir/report_20171024.zip
[2017-10-24 16:11:40,242](INFO)report : 创建压缩文件:/opt/monitor/zipDir/report_20171024.zip
[2017-10-24 16:11:40,252](INFO)report : 压缩结束
[2017-10-24 16:11:40,252](INFO)report : send mail starting....
[2017-10-24 16:11:40,286](INFO)report : send mail end.
[2017-10-24 16:11:40,286](INFO)report : 打包并发送数据,结束
[2017-10-24 16:23:16,559](INFO)report : 开始
[2017-10-24 16:23:16,560](INFO)report : 删除报表数据目录,完成
[2017-10-24 16:25:20,720](INFO)report : 生成execl文件,结束
[2017-10-24 16:25:20,720](INFO)report : 打包并发送数据,开始
[2017-10-24 16:25:20,720](INFO)report : 存在相同压缩文件名，删除历史数据:/opt/monitor/zipDir/report_20171024.zip
[2017-10-24 16:25:20,721](INFO)report : 创建压缩文件:/opt/monitor/zipDir/report_20171024.zip
[2017-10-24 16:25:20,731](INFO)report : 压缩结束
[2017-10-24 16:25:20,731](INFO)report : send mail starting....
[2017-10-24 16:25:20,765](INFO)report : send mail end.
[2017-10-24 16:25:20,765](INFO)report : 打包并发送数据,结束
[2017-10-24 16:34:51,330](INFO)report : 开始
[2017-10-24 16:34:51,330](INFO)report : 删除报表数据目录,完成
[2017-10-24 16:36:52,265](INFO)report : 生成execl文件,结束
[2017-10-24 16:36:52,266](INFO)report : 打包并发送数据,开始
[2017-10-24 16:36:52,266](INFO)report : 存在相同压缩文件名，删除历史数据:/opt/monitor/zipDir/report_20171024.zip
[2017-10-24 16:36:52,266](INFO)report : 创建压缩文件:/opt/monitor/zipDir/report_20171024.zip
[2017-10-24 16:36:52,277](INFO)report : 压缩结束
[2017-10-24 16:36:52,277](INFO)report : send mail starting....
[2017-10-24 16:36:52,311](INFO)report : send mail end.
[2017-10-24 16:36:52,311](INFO)report : 打包并发送数据,结束
[2017-10-24 16:39:23,846](INFO)report : 开始
[2017-10-24 16:39:23,847](INFO)report : 删除报表数据目录,完成
[2017-10-24 16:41:27,504](INFO)report : 生成execl文件,结束
[2017-10-24 16:41:27,504](INFO)report : 打包并发送数据,开始
[2017-10-24 16:41:27,505](INFO)report : 存在相同压缩文件名，删除历史数据:/opt/monitor/zipDir/report_20171024.zip
[2017-10-24 16:41:27,505](INFO)report : 创建压缩文件:/opt/monitor/zipDir/report_20171024.zip
[2017-10-24 16:41:27,516](INFO)report : 压缩结束
[2017-10-24 16:41:27,517](INFO)report : send mail starting....
[2017-10-24 16:41:27,559](INFO)report : send mail end.
[2017-10-24 16:41:27,559](INFO)report : 打包并发送数据,结束
[2017-10-24 17:11:39,677](INFO)report : 开始
[2017-10-24 17:11:39,678](INFO)report : 删除报表数据目录,完成
[2017-10-24 17:13:37,936](INFO)report : 生成execl文件,结束
[2017-10-24 17:13:37,937](INFO)report : 打包并发送数据,开始
[2017-10-24 17:13:37,937](INFO)report : 存在相同压缩文件名，删除历史数据:/opt/monitor/zipDir/report_20171024.zip
[2017-10-24 17:13:37,937](INFO)report : 创建压缩文件:/opt/monitor/zipDir/report_20171024.zip
[2017-10-24 17:13:37,949](INFO)report : 压缩结束
[2017-10-24 17:13:37,949](INFO)report : send mail starting....
[2017-10-24 17:13:37,983](INFO)report : send mail end.
[2017-10-24 17:13:37,983](INFO)report : 打包并发送数据,结束
[2017-10-24 17:14:22,445](INFO)report : 开始
[2017-10-24 17:14:22,446](INFO)report : 删除报表数据目录,完成
[2017-10-24 17:16:21,090](INFO)report : 生成execl文件,结束
[2017-10-24 17:16:21,091](INFO)report : 打包并发送数据,开始
[2017-10-24 17:16:21,091](INFO)report : 存在相同压缩文件名，删除历史数据:/opt/monitor/zipDir/report_20171024.zip
[2017-10-24 17:16:21,091](INFO)report : 创建压缩文件:/opt/monitor/zipDir/report_20171024.zip
[2017-10-24 17:16:21,102](INFO)report : 压缩结束
[2017-10-24 17:16:21,103](INFO)report : send mail starting....
[2017-10-24 17:16:21,147](INFO)report : send mail end.
[2017-10-24 17:16:21,147](INFO)report : 打包并发送数据,结束
[2017-10-24 17:24:21,100](INFO)report : 开始
[2017-10-24 17:24:21,101](INFO)report : 删除报表数据目录,完成
[2017-10-24 17:26:20,633](INFO)report : 生成execl文件,结束
[2017-10-24 17:26:20,633](INFO)report : 打包并发送数据,开始
[2017-10-24 17:26:20,633](INFO)report : 存在相同压缩文件名，删除历史数据:/opt/monitor/zipDir/report_20171024.zip
[2017-10-24 17:26:20,633](INFO)report : 创建压缩文件:/opt/monitor/zipDir/report_20171024.zip
[2017-10-24 17:26:20,644](INFO)report : 压缩结束
[2017-10-24 17:26:20,645](INFO)report : send mail starting....
[2017-10-24 17:26:20,666](INFO)report : send mail end.
[2017-10-24 17:26:20,667](INFO)report : 打包并发送数据,结束
