[2017-09-04 11:02:41,348](INFO)report : 开始
[2017-09-04 11:02:41,351](INFO)report : 费率数据加载  开始
[2017-09-04 11:02:47,265](INFO)report : 订单数据加载  完成
[2017-09-04 11:14:50,451](INFO)report : 开始
[2017-09-04 11:14:50,453](INFO)report : 费率数据加载  开始
[2017-09-04 11:14:51,913](INFO)report : 订单数据加载  完成
[2017-09-04 11:14:56,447](INFO)report : 开始
[2017-09-04 11:14:56,450](INFO)report : 费率数据加载  开始
[2017-09-04 11:14:57,904](INFO)report : 订单数据加载  完成
[2017-09-04 11:15:00,977](INFO)report : 开始
[2017-09-04 11:15:00,982](INFO)report : 费率数据加载  开始
[2017-09-04 11:15:02,404](INFO)report : 订单数据加载  完成
[2017-09-04 11:15:25,150](INFO)report : 开始
[2017-09-04 11:15:25,151](INFO)report : 费率数据加载  开始
[2017-09-04 11:15:26,678](INFO)report : 订单数据加载  完成
[2017-09-05 08:52:35,520](INFO)report : 开始
[2017-09-05 08:52:35,522](INFO)report : 费率数据加载  开始
[2017-09-05 08:52:38,371](INFO)report : 订单数据加载  完成
[2017-09-08 08:22:51,012](INFO)report : 开始
[2017-09-08 08:22:51,026](INFO)report : 费率数据加载  开始
[2017-09-08 08:22:58,094](INFO)report : 订单数据加载  完成
[2017-09-08 08:25:24,703](INFO)report : 开始
[2017-09-08 08:25:24,703](INFO)report : 费率数据加载  开始
[2017-09-08 08:25:27,323](INFO)report : 订单数据加载  完成
[2017-09-08 08:27:26,727](INFO)report : 开始
[2017-09-08 08:27:27,601](INFO)report : 费率数据加载  开始
[2017-09-08 08:27:27,617](INFO)report : 订单数据加载  完成
[2017-09-08 08:29:51,000](INFO)report : 开始
[2017-09-08 08:29:52,358](INFO)report : 费率数据加载  开始
[2017-09-08 08:30:38,533](INFO)report : 开始
[2017-09-08 08:30:38,533](INFO)report : 费率数据加载  开始
[2017-09-08 08:31:10,374](INFO)report : 开始
[2017-09-08 08:31:10,374](INFO)report : 费率数据加载  开始
[2017-09-08 08:31:13,227](INFO)report : 订单数据加载  完成
[2017-09-08 08:31:45,049](INFO)report : 开始
[2017-09-08 08:31:45,049](INFO)report : 费率数据加载  开始
[2017-09-14 16:19:38,598](INFO)report : 开始
[2017-09-14 16:19:38,604](INFO)report : 费率数据加载  开始
[2017-09-14 16:26:49,194](INFO)report : 开始
[2017-09-14 16:26:49,197](INFO)report : 费率数据加载  开始
[2017-09-14 17:43:23,904](INFO)report : 开始
[2017-09-14 17:43:23,904](INFO)report : 费率数据加载  开始
[2017-09-14 17:59:30,039](INFO)report : 开始
[2017-09-14 17:59:30,039](INFO)report : 费率数据加载  开始
[2017-09-14 17:59:34,923](INFO)report : 开始
[2017-09-14 17:59:34,926](INFO)report : 费率数据加载  开始
[2017-09-15 10:46:02,512](INFO)report : 开始
[2017-09-15 10:46:02,515](INFO)report : 费率数据加载  开始
[2017-09-15 10:51:23,990](INFO)report : 开始
[2017-09-15 10:51:23,992](INFO)report : 费率数据加载  开始
[2017-09-15 10:51:28,446](INFO)report : 订单数据加载  完成
[2017-09-15 10:52:14,460](INFO)report : 开始
[2017-09-15 10:52:14,461](INFO)report : 费率数据加载  开始
[2017-09-15 10:52:14,841](INFO)report : 订单数据加载  完成
[2017-09-15 10:52:41,638](INFO)report : 开始
[2017-09-15 10:52:41,641](INFO)report : 费率数据加载  开始
[2017-09-15 10:52:45,776](INFO)report : 订单数据加载  完成
[2017-09-15 10:53:24,384](INFO)report : 开始
[2017-09-15 10:53:24,385](INFO)report : 费率数据加载  开始
[2017-09-15 10:53:28,595](INFO)report : 订单数据加载  完成
[2017-09-15 10:57:04,312](INFO)report : 开始
[2017-09-15 10:57:04,315](INFO)report : 费率数据加载  开始
[2017-09-15 10:57:04,977](INFO)report : 订单数据加载  完成
[2017-09-15 10:58:07,138](INFO)report : 开始
[2017-09-15 10:58:07,138](INFO)report : 费率数据加载  开始
[2017-09-15 10:58:07,834](INFO)report : 订单数据加载  完成
[2017-09-15 10:59:13,289](INFO)report : 开始
[2017-09-15 10:59:13,290](INFO)report : 费率数据加载  开始
[2017-09-15 10:59:13,980](INFO)report : 费率数据加载  完成
[2017-09-15 10:59:24,839](INFO)report : 开始
[2017-09-15 10:59:24,842](INFO)report : 费率数据加载  开始
[2017-09-15 10:59:25,536](INFO)report : 费率数据加载  完成
[2017-09-15 10:59:31,525](INFO)report : 开始
[2017-09-15 10:59:31,526](INFO)report : 费率数据加载  开始
[2017-09-15 10:59:32,187](INFO)report : 费率数据加载  完成
[2017-09-15 11:00:07,023](INFO)report : 开始
[2017-09-15 11:00:07,023](INFO)report : 费率数据加载  开始
[2017-09-15 11:00:07,994](INFO)report : 费率数据加载  完成
[2017-09-15 11:00:29,358](INFO)report : 开始
[2017-09-15 11:00:29,359](INFO)report : 费率数据加载  开始
[2017-09-15 11:00:30,424](INFO)report : 费率数据加载  完成
[2017-09-15 11:01:37,230](INFO)report : 开始
[2017-09-15 11:01:37,233](INFO)report : 费率数据加载  开始
[2017-09-15 11:01:38,273](INFO)report : 费率数据加载  完成
[2017-09-15 11:01:51,992](INFO)report : 开始
[2017-09-15 11:01:51,993](INFO)report : 费率数据加载  开始
[2017-09-15 11:01:53,282](INFO)report : 费率数据加载  完成
[2017-09-15 11:02:17,658](INFO)report : 开始
[2017-09-15 11:02:17,660](INFO)report : 费率数据加载  开始
[2017-09-15 11:02:18,673](INFO)report : 费率数据加载  完成
[2017-09-15 11:03:30,500](INFO)report : 开始
[2017-09-15 11:03:30,503](INFO)report : 费率数据加载  开始
[2017-09-15 11:03:31,832](INFO)report : 费率数据加载  完成
[2017-09-15 11:04:41,380](INFO)report : 开始
[2017-09-15 11:04:41,381](INFO)report : 费率数据加载  开始
[2017-09-15 11:04:50,115](INFO)report : 开始
[2017-09-15 11:04:50,117](INFO)report : 费率数据加载  开始
[2017-09-15 11:04:51,453](INFO)report : 费率数据加载  完成
[2017-09-15 11:05:02,128](INFO)report : 开始
[2017-09-15 11:05:02,131](INFO)report : 费率数据加载  开始
[2017-09-15 11:05:03,486](INFO)report : 费率数据加载  完成
[2017-09-15 11:05:14,315](INFO)report : 开始
[2017-09-15 11:05:14,316](INFO)report : 费率数据加载  开始
[2017-09-15 11:05:22,792](INFO)report : 费率数据加载  完成
[2017-09-15 11:06:00,987](INFO)report : 开始
[2017-09-15 11:06:00,989](INFO)report : 费率数据加载  开始
[2017-09-15 11:06:03,901](INFO)report : 费率数据加载  完成
[2017-09-15 11:12:56,993](INFO)report : 开始
[2017-09-15 11:12:56,994](INFO)report : 费率数据加载  开始
[2017-09-15 11:12:59,956](INFO)report : 费率数据加载  完成
[2017-09-15 11:13:35,397](INFO)report : 开始
[2017-09-15 11:13:35,397](INFO)report : 费率数据加载  开始
[2017-09-15 11:13:38,352](INFO)report : 费率数据加载  完成
[2017-09-15 11:14:23,424](INFO)report : 开始
[2017-09-15 11:14:23,424](INFO)report : 费率数据加载  开始
[2017-09-15 11:14:26,184](INFO)report : 费率数据加载  完成
[2017-09-15 11:17:17,290](INFO)report : 开始
[2017-09-15 11:17:17,290](INFO)report : 费率数据加载  开始
[2017-09-15 11:17:20,066](INFO)report : 费率数据加载  完成
[2017-09-15 11:17:40,494](INFO)report : 开始
[2017-09-15 11:17:40,494](INFO)report : 费率数据加载  开始
[2017-09-15 11:17:43,325](INFO)report : 费率数据加载  完成
[2017-09-15 12:34:54,111](INFO)report : 开始
[2017-09-15 12:34:54,111](INFO)report : 费率数据加载  开始
[2017-09-15 12:34:57,010](INFO)report : 费率数据加载  完成
[2017-09-15 12:37:00,312](INFO)report : 开始
[2017-09-15 12:37:00,312](INFO)report : 费率数据加载  开始
[2017-09-15 12:37:03,977](INFO)report : 费率数据加载  完成
[2017-09-15 12:37:25,632](INFO)report : 开始
[2017-09-15 12:37:25,634](INFO)report : 费率数据加载  开始
[2017-09-15 12:37:29,719](INFO)report : 费率数据加载  完成
[2017-09-15 12:37:40,178](INFO)report : 开始
[2017-09-15 12:37:40,178](INFO)report : 费率数据加载  开始
[2017-09-15 12:37:44,410](INFO)report : 费率数据加载  完成
[2017-09-15 12:38:08,426](INFO)report : 开始
[2017-09-15 12:38:08,426](INFO)report : 费率数据加载  开始
[2017-09-15 12:38:12,530](INFO)report : 费率数据加载  完成
[2017-09-15 12:40:11,401](INFO)report : 开始
[2017-09-15 12:40:11,403](INFO)report : 费率数据加载  开始
[2017-09-15 12:40:16,165](INFO)report : 费率数据加载  完成
[2017-09-15 12:41:05,026](INFO)report : 开始
[2017-09-15 12:41:05,026](INFO)report : 费率数据加载  开始
[2017-09-15 12:41:09,142](INFO)report : 费率数据加载  完成
[2017-09-15 12:52:06,569](INFO)report : 开始
[2017-09-15 12:52:06,572](INFO)report : 费率数据加载  开始
[2017-09-15 12:52:11,134](INFO)report : 费率数据加载  完成
[2017-09-15 12:53:08,890](INFO)report : 开始
[2017-09-15 12:53:08,890](INFO)report : 费率数据加载  开始
[2017-09-15 12:53:13,104](INFO)report : 费率数据加载  完成
[2017-09-15 12:53:18,214](INFO)report : 开始
[2017-09-15 12:53:18,214](INFO)report : 费率数据加载  开始
[2017-09-15 12:53:22,286](INFO)report : 费率数据加载  完成
[2017-09-15 12:55:52,561](INFO)report : 开始
[2017-09-15 12:55:52,561](INFO)report : 费率数据加载  开始
[2017-09-15 12:55:54,391](INFO)report : 费率数据加载  完成
[2017-09-15 12:58:22,634](INFO)report : 开始
[2017-09-15 12:58:22,634](INFO)report : 费率数据加载  开始
[2017-09-15 12:58:24,618](INFO)report : 费率数据加载  完成
[2017-09-15 12:59:27,530](INFO)report : 开始
[2017-09-15 12:59:27,530](INFO)report : 费率数据加载  开始
[2017-09-15 12:59:29,496](INFO)report : 费率数据加载  完成
[2017-09-15 12:59:53,753](INFO)report : 开始
[2017-09-15 12:59:53,753](INFO)report : 费率数据加载  开始
[2017-09-15 12:59:55,796](INFO)report : 费率数据加载  完成
[2017-09-15 12:59:57,089](INFO)report : 开始
[2017-09-15 12:59:57,089](INFO)report : 费率数据加载  开始
[2017-09-15 12:59:59,086](INFO)report : 费率数据加载  完成
[2017-09-15 13:04:16,884](INFO)report : 开始
[2017-09-15 13:04:16,885](INFO)report : 费率数据加载  开始
[2017-09-15 13:04:17,615](INFO)report : 费率数据加载  完成
[2017-09-15 13:04:54,154](INFO)report : 开始
[2017-09-15 13:04:54,154](INFO)report : 费率数据加载  开始
[2017-09-15 13:04:56,174](INFO)report : 费率数据加载  完成
[2017-09-15 13:23:04,424](INFO)report : 开始
[2017-09-15 13:23:04,424](INFO)report : 费率数据加载  开始
[2017-09-15 13:23:06,464](INFO)report : 费率数据加载  完成
[2017-09-15 13:33:12,569](INFO)report : 开始
[2017-09-15 13:33:12,569](INFO)report : 费率数据加载  开始
[2017-09-15 13:33:14,451](INFO)report : 费率数据加载  完成
[2017-09-15 13:40:44,690](INFO)report : 开始
[2017-09-15 13:40:44,690](INFO)report : 费率数据加载  开始
[2017-09-15 13:40:46,473](INFO)report : 费率数据加载  完成
[2017-09-19 09:31:56,127](INFO)report : 开始
[2017-09-19 09:31:56,128](INFO)report : 费率数据加载  开始
[2017-09-19 09:31:59,016](INFO)report : 费率数据加载  完成
[2017-09-19 09:32:11,621](INFO)report : 开始
[2017-09-19 09:32:11,621](INFO)report : 费率数据加载  开始
[2017-09-19 09:32:13,779](INFO)report : 费率数据加载  完成
[2017-09-19 09:44:20,732](INFO)report : 开始
[2017-09-19 09:44:20,732](INFO)report : 费率数据加载  开始
[2017-09-19 09:44:22,763](INFO)report : 费率数据加载  完成
[2017-09-19 09:52:54,545](INFO)report : 开始
[2017-09-19 09:52:54,546](INFO)report : 费率数据加载  开始
[2017-09-19 09:52:58,263](INFO)report : 费率数据加载  完成
[2017-09-19 09:53:02,694](INFO)report : 开始
[2017-09-19 09:53:02,694](INFO)report : 费率数据加载  开始
[2017-09-19 09:53:04,775](INFO)report : 费率数据加载  完成
[2017-09-19 09:53:09,002](INFO)report : 开始
[2017-09-19 09:53:09,002](INFO)report : 费率数据加载  开始
[2017-09-19 09:53:11,072](INFO)report : 费率数据加载  完成
[2017-09-19 09:56:29,099](INFO)report : 开始
[2017-09-19 09:56:29,099](INFO)report : 费率数据加载  开始
[2017-09-19 09:56:31,325](INFO)report : 费率数据加载  完成
[2017-09-19 09:57:04,983](INFO)report : 开始
[2017-09-19 09:57:04,983](INFO)report : 费率数据加载  开始
[2017-09-19 09:57:07,079](INFO)report : 费率数据加载  完成
[2017-09-19 09:59:44,394](INFO)report : 开始
[2017-09-19 09:59:44,394](INFO)report : 费率数据加载  开始
[2017-09-19 09:59:46,497](INFO)report : 费率数据加载  完成
[2017-09-19 10:06:00,848](INFO)report : 开始
[2017-09-19 10:06:00,848](INFO)report : 费率数据加载  开始
[2017-09-19 10:06:02,924](INFO)report : 费率数据加载  完成
[2017-09-19 10:08:19,832](INFO)report : 开始
[2017-09-19 10:08:19,832](INFO)report : 费率数据加载  开始
[2017-09-19 10:08:21,993](INFO)report : 费率数据加载  完成
[2017-09-19 10:10:04,798](INFO)report : 开始
[2017-09-19 10:10:04,798](INFO)report : 费率数据加载  开始
[2017-09-19 10:10:06,927](INFO)report : 费率数据加载  完成
[2017-09-19 10:11:10,795](INFO)report : 开始
[2017-09-19 10:11:10,795](INFO)report : 费率数据加载  开始
[2017-09-19 10:11:12,888](INFO)report : 费率数据加载  完成
[2017-09-19 10:11:17,109](INFO)report : 开始
[2017-09-19 10:11:17,109](INFO)report : 费率数据加载  开始
[2017-09-19 10:11:19,178](INFO)report : 费率数据加载  完成
[2017-09-19 10:12:49,667](INFO)report : 开始
[2017-09-19 10:12:49,667](INFO)report : 费率数据加载  开始
[2017-09-19 10:12:51,742](INFO)report : 费率数据加载  完成
[2017-09-19 10:13:07,427](INFO)report : 开始
[2017-09-19 10:13:07,427](INFO)report : 费率数据加载  开始
[2017-09-19 10:13:09,565](INFO)report : 费率数据加载  完成
[2017-09-19 10:14:19,733](INFO)report : 开始
[2017-09-19 10:14:19,733](INFO)report : 费率数据加载  开始
[2017-09-19 10:14:32,789](INFO)report : 开始
[2017-09-19 10:14:32,789](INFO)report : 费率数据加载  开始
[2017-09-19 10:14:34,894](INFO)report : 费率数据加载  完成
[2017-09-19 10:15:52,246](INFO)report : 开始
[2017-09-19 10:15:52,246](INFO)report : 费率数据加载  开始
[2017-09-19 10:15:54,338](INFO)report : 费率数据加载  完成
[2017-09-19 10:18:48,595](INFO)report : 开始
[2017-09-19 10:18:48,595](INFO)report : 费率数据加载  开始
[2017-09-19 10:19:47,664](INFO)report : 开始
[2017-09-19 10:19:47,664](INFO)report : 费率数据加载  开始
[2017-09-19 10:23:22,747](INFO)report : 开始
[2017-09-19 10:23:22,749](INFO)report : 费率数据加载  开始
[2017-09-19 10:23:24,819](INFO)report : 费率数据加载  完成
[2017-09-19 10:23:43,992](INFO)report : 开始
[2017-09-19 10:23:43,993](INFO)report : 费率数据加载  开始
[2017-09-19 10:23:46,046](INFO)report : 费率数据加载  完成
[2017-09-19 10:24:11,743](INFO)report : 开始
[2017-09-19 10:24:11,743](INFO)report : 费率数据加载  开始
[2017-09-19 10:24:13,858](INFO)report : 费率数据加载  完成
[2017-09-19 10:32:14,957](INFO)report : 开始
[2017-09-19 10:32:14,957](INFO)report : 费率数据加载  开始
[2017-09-19 10:32:17,036](INFO)report : 费率数据加载  完成
[2017-09-19 10:32:21,565](INFO)report : 开始
[2017-09-19 10:32:21,565](INFO)report : 费率数据加载  开始
[2017-09-19 10:32:23,655](INFO)report : 费率数据加载  完成
[2017-09-19 10:33:04,069](INFO)report : 开始
[2017-09-19 10:33:04,069](INFO)report : 费率数据加载  开始
[2017-09-19 10:33:06,158](INFO)report : 费率数据加载  完成
[2017-09-19 10:41:03,460](INFO)report : 开始
[2017-09-19 10:41:03,460](INFO)report : 费率数据加载  开始
[2017-09-19 10:41:05,595](INFO)report : 费率数据加载  完成
[2017-09-19 10:41:35,256](INFO)report : 开始
[2017-09-19 10:41:35,256](INFO)report : 费率数据加载  开始
[2017-09-19 10:41:37,305](INFO)report : 费率数据加载  完成
[2017-09-19 10:41:44,943](INFO)report : 开始
[2017-09-19 10:41:44,944](INFO)report : 费率数据加载  开始
[2017-09-19 10:41:47,030](INFO)report : 费率数据加载  完成
[2017-09-19 10:45:59,971](INFO)report : 开始
[2017-09-19 10:45:59,973](INFO)report : 费率数据加载  开始
[2017-09-19 10:46:15,071](INFO)report : 开始
[2017-09-19 10:46:15,072](INFO)report : 费率数据加载  开始
[2017-09-19 10:46:24,382](INFO)report : 开始
[2017-09-19 10:46:24,382](INFO)report : 费率数据加载  开始
[2017-09-19 10:47:18,546](INFO)report : 开始
[2017-09-19 10:47:18,546](INFO)report : 费率数据加载  开始
[2017-09-19 10:47:22,121](INFO)report : 费率数据加载  完成
[2017-09-19 10:47:24,528](INFO)report : 开始
[2017-09-19 10:47:24,528](INFO)report : 费率数据加载  开始
[2017-09-19 10:47:28,084](INFO)report : 费率数据加载  完成
[2017-09-19 10:47:58,486](INFO)report : 开始
[2017-09-19 10:47:58,486](INFO)report : 费率数据加载  开始
[2017-09-19 10:48:02,003](INFO)report : 费率数据加载  完成
[2017-09-19 10:48:50,282](INFO)report : 开始
[2017-09-19 10:48:50,282](INFO)report : 费率数据加载  开始
[2017-09-19 10:48:53,960](INFO)report : 费率数据加载  完成
[2017-09-19 10:55:27,367](INFO)report : 开始
[2017-09-19 10:55:27,367](INFO)report : 费率数据加载  开始
[2017-09-19 10:55:30,960](INFO)report : 费率数据加载  完成
[2017-09-19 10:58:04,901](INFO)report : 开始
[2017-09-19 10:58:04,901](INFO)report : 费率数据加载  开始
[2017-09-19 10:58:08,542](INFO)report : 费率数据加载  完成
[2017-09-19 10:58:58,128](INFO)report : 开始
[2017-09-19 10:58:58,128](INFO)report : 费率数据加载  开始
[2017-09-19 10:59:01,654](INFO)report : 费率数据加载  完成
[2017-09-19 10:59:01,654](ERROR)report : 异常,标题字段不存在,字段名称:gain
[2017-09-19 11:06:11,602](INFO)report : 开始
[2017-09-19 11:06:11,605](INFO)report : 费率数据加载  开始
[2017-09-19 11:06:14,786](INFO)report : 费率数据加载  完成
[2017-09-19 11:06:14,786](INFO)report : 生成excel文件，开始
[2017-09-19 11:06:34,012](INFO)report : 生成execl文件,结束
[2017-09-19 11:11:10,588](INFO)report : 开始
[2017-09-19 11:11:10,588](INFO)report : 费率数据加载  开始
[2017-09-19 11:11:14,170](INFO)report : 费率数据加载  完成
[2017-09-19 11:11:14,170](INFO)report : 生成excel文件，开始
[2017-09-19 11:11:33,236](INFO)report : 生成execl文件,结束
[2017-09-19 11:14:35,684](INFO)report : 开始
[2017-09-19 11:14:35,684](INFO)report : 费率数据加载  开始
[2017-09-19 11:14:39,145](INFO)report : 费率数据加载  完成
[2017-09-19 11:14:39,145](INFO)report : 生成excel文件，开始
[2017-09-19 11:15:15,905](INFO)report : 开始
[2017-09-19 11:15:15,905](INFO)report : 费率数据加载  开始
[2017-09-19 11:15:19,490](INFO)report : 费率数据加载  完成
[2017-09-19 11:15:19,492](INFO)report : 生成excel文件，开始
[2017-09-19 11:15:37,917](INFO)report : 生成execl文件,结束
[2017-09-19 11:21:06,608](INFO)report : 开始
[2017-09-19 11:21:06,608](INFO)report : 费率数据加载  开始
[2017-09-19 11:21:10,170](INFO)report : 费率数据加载  完成
[2017-09-19 11:21:10,217](INFO)report : 生成excel文件，开始
[2017-09-19 11:21:27,607](INFO)report : 开始
[2017-09-19 11:21:27,608](INFO)report : 费率数据加载  开始
[2017-09-19 11:21:31,210](INFO)report : 费率数据加载  完成
[2017-09-19 11:21:31,210](INFO)report : 生成excel文件，开始
[2017-09-19 11:21:56,336](INFO)report : 开始
[2017-09-19 11:21:56,338](INFO)report : 费率数据加载  开始
[2017-09-19 11:21:59,884](INFO)report : 费率数据加载  完成
[2017-09-19 11:21:59,910](INFO)report : 生成excel文件，开始
[2017-09-19 11:22:20,506](INFO)report : 生成execl文件,结束
